{"/home/chidozie/Documents/send-it-test-api/send-it-initial-test-api-nodb/src/app.js":{"path":"/home/chidozie/Documents/send-it-test-api/send-it-initial-test-api-nodb/src/app.js","statementMap":{"0":{"start":{"line":3,"column":0},"end":{"line":5,"column":3}},"1":{"start":{"line":7,"column":15},"end":{"line":7,"column":33}},"2":{"start":{"line":9,"column":16},"end":{"line":9,"column":48}},"3":{"start":{"line":11,"column":18},"end":{"line":11,"column":40}},"4":{"start":{"line":13,"column":19},"end":{"line":13,"column":54}},"5":{"start":{"line":15,"column":13},"end":{"line":15,"column":39}},"6":{"start":{"line":17,"column":14},"end":{"line":17,"column":44}},"7":{"start":{"line":19,"column":14},"end":{"line":19,"column":31}},"8":{"start":{"line":21,"column":15},"end":{"line":21,"column":46}},"9":{"start":{"line":23,"column":39},"end":{"line":23,"column":93}},"10":{"start":{"line":25,"column":10},"end":{"line":25,"column":34}},"11":{"start":{"line":26,"column":0},"end":{"line":26,"column":61}},"12":{"start":{"line":27,"column":0},"end":{"line":27,"column":37}},"13":{"start":{"line":28,"column":0},"end":{"line":28,"column":38}},"14":{"start":{"line":29,"column":11},"end":{"line":29,"column":35}},"15":{"start":{"line":31,"column":0},"end":{"line":31,"column":37}},"16":{"start":{"line":33,"column":0},"end":{"line":37,"column":3}},"17":{"start":{"line":34,"column":14},"end":{"line":34,"column":50}},"18":{"start":{"line":35,"column":4},"end":{"line":35,"column":21}},"19":{"start":{"line":36,"column":4},"end":{"line":36,"column":14}},"20":{"start":{"line":39,"column":0},"end":{"line":46,"column":3}},"21":{"start":{"line":40,"column":4},"end":{"line":40,"column":34}},"22":{"start":{"line":41,"column":4},"end":{"line":45,"column":7}},"23":{"start":{"line":48,"column":0},"end":{"line":50,"column":3}},"24":{"start":{"line":49,"column":4},"end":{"line":49,"column":55}},"25":{"start":{"line":51,"column":0},"end":{"line":51,"column":22}}},"fnMap":{"0":{"name":"_interopRequireDefault","decl":{"start":{"line":23,"column":9},"end":{"line":23,"column":31}},"loc":{"start":{"line":23,"column":37},"end":{"line":23,"column":95}},"line":23},"1":{"name":"(anonymous_1)","decl":{"start":{"line":33,"column":8},"end":{"line":33,"column":9}},"loc":{"start":{"line":33,"column":34},"end":{"line":37,"column":1}},"line":33},"2":{"name":"(anonymous_2)","decl":{"start":{"line":39,"column":8},"end":{"line":39,"column":9}},"loc":{"start":{"line":39,"column":39},"end":{"line":46,"column":1}},"line":39},"3":{"name":"(anonymous_3)","decl":{"start":{"line":48,"column":17},"end":{"line":48,"column":18}},"loc":{"start":{"line":48,"column":29},"end":{"line":50,"column":1}},"line":48}},"branchMap":{"0":{"loc":{"start":{"line":23,"column":46},"end":{"line":23,"column":92}},"type":"cond-expr","locations":[{"start":{"line":23,"column":70},"end":{"line":23,"column":73}},{"start":{"line":23,"column":76},"end":{"line":23,"column":92}}],"line":23},"1":{"loc":{"start":{"line":23,"column":46},"end":{"line":23,"column":67}},"type":"binary-expr","locations":[{"start":{"line":23,"column":46},"end":{"line":23,"column":49}},{"start":{"line":23,"column":53},"end":{"line":23,"column":67}}],"line":23},"2":{"loc":{"start":{"line":29,"column":11},"end":{"line":29,"column":35}},"type":"binary-expr","locations":[{"start":{"line":29,"column":11},"end":{"line":29,"column":27}},{"start":{"line":29,"column":31},"end":{"line":29,"column":35}}],"line":29},"3":{"loc":{"start":{"line":40,"column":15},"end":{"line":40,"column":32}},"type":"binary-expr","locations":[{"start":{"line":40,"column":15},"end":{"line":40,"column":25}},{"start":{"line":40,"column":29},"end":{"line":40,"column":32}}],"line":40}},"s":{"0":1,"1":1,"2":1,"3":1,"4":1,"5":1,"6":1,"7":1,"8":1,"9":4,"10":1,"11":1,"12":1,"13":1,"14":1,"15":1,"16":1,"17":0,"18":0,"19":0,"20":1,"21":0,"22":0,"23":1,"24":1,"25":1},"f":{"0":4,"1":0,"2":0,"3":1},"b":{"0":[1,3],"1":[4,4],"2":[1,1],"3":[0,0]},"_coverageSchema":"43e27e138ebf9cfc5966b082cf9a028302ed4184","hash":"128af631ed19c52c71d5529313d095401613d1ef","contentHash":"267ace7002092ac5b9bb22e3d2e539c6"},"/home/chidozie/Documents/send-it-test-api/send-it-initial-test-api-nodb/routes/route.js":{"path":"/home/chidozie/Documents/send-it-test-api/send-it-initial-test-api-nodb/routes/route.js","statementMap":{"0":{"start":{"line":3,"column":0},"end":{"line":5,"column":3}},"1":{"start":{"line":7,"column":15},"end":{"line":7,"column":33}},"2":{"start":{"line":9,"column":16},"end":{"line":9,"column":48}},"3":{"start":{"line":11,"column":25},"end":{"line":11,"column":68}},"4":{"start":{"line":13,"column":26},"end":{"line":13,"column":68}},"5":{"start":{"line":15,"column":24},"end":{"line":15,"column":66}},"6":{"start":{"line":17,"column":25},"end":{"line":17,"column":66}},"7":{"start":{"line":19,"column":13},"end":{"line":19,"column":44}},"8":{"start":{"line":21,"column":14},"end":{"line":21,"column":44}},"9":{"start":{"line":23,"column":39},"end":{"line":23,"column":93}},"10":{"start":{"line":25,"column":13},"end":{"line":25,"column":39}},"11":{"start":{"line":28,"column":0},"end":{"line":28,"column":128}},"12":{"start":{"line":31,"column":0},"end":{"line":31,"column":133}},"13":{"start":{"line":34,"column":0},"end":{"line":34,"column":74}},"14":{"start":{"line":37,"column":0},"end":{"line":37,"column":189}},"15":{"start":{"line":40,"column":0},"end":{"line":40,"column":203}},"16":{"start":{"line":43,"column":0},"end":{"line":43,"column":87}},"17":{"start":{"line":47,"column":0},"end":{"line":47,"column":61}},"18":{"start":{"line":50,"column":0},"end":{"line":50,"column":82}},"19":{"start":{"line":52,"column":0},"end":{"line":52,"column":84}},"20":{"start":{"line":55,"column":0},"end":{"line":55,"column":100}},"21":{"start":{"line":57,"column":0},"end":{"line":57,"column":87}},"22":{"start":{"line":59,"column":0},"end":{"line":59,"column":25}}},"fnMap":{"0":{"name":"_interopRequireDefault","decl":{"start":{"line":23,"column":9},"end":{"line":23,"column":31}},"loc":{"start":{"line":23,"column":37},"end":{"line":23,"column":95}},"line":23}},"branchMap":{"0":{"loc":{"start":{"line":23,"column":46},"end":{"line":23,"column":92}},"type":"cond-expr","locations":[{"start":{"line":23,"column":70},"end":{"line":23,"column":73}},{"start":{"line":23,"column":76},"end":{"line":23,"column":92}}],"line":23},"1":{"loc":{"start":{"line":23,"column":46},"end":{"line":23,"column":67}},"type":"binary-expr","locations":[{"start":{"line":23,"column":46},"end":{"line":23,"column":49}},{"start":{"line":23,"column":53},"end":{"line":23,"column":67}}],"line":23}},"s":{"0":1,"1":1,"2":1,"3":1,"4":1,"5":1,"6":1,"7":1,"8":1,"9":4,"10":1,"11":1,"12":1,"13":1,"14":1,"15":1,"16":1,"17":1,"18":1,"19":1,"20":1,"21":1,"22":1},"f":{"0":4},"b":{"0":[3,1],"1":[4,4]},"_coverageSchema":"43e27e138ebf9cfc5966b082cf9a028302ed4184","hash":"e9a38cf81587c513544946a008ed8b0b4034675f","contentHash":"a05c9044708a55ce3c0a8cad36753a67"},"/home/chidozie/Documents/send-it-test-api/send-it-initial-test-api-nodb/controllers/parcelControllers.js":{"path":"/home/chidozie/Documents/send-it-test-api/send-it-initial-test-api-nodb/controllers/parcelControllers.js","statementMap":{"0":{"start":{"line":3,"column":0},"end":{"line":5,"column":3}},"1":{"start":{"line":7,"column":19},"end":{"line":7,"column":55}},"2":{"start":{"line":9,"column":20},"end":{"line":9,"column":56}},"3":{"start":{"line":11,"column":25},"end":{"line":11,"column":74}},"4":{"start":{"line":13,"column":25},"end":{"line":13,"column":67}},"5":{"start":{"line":15,"column":23},"end":{"line":15,"column":70}},"6":{"start":{"line":17,"column":23},"end":{"line":17,"column":63}},"7":{"start":{"line":19,"column":20},"end":{"line":19,"column":64}},"8":{"start":{"line":21,"column":20},"end":{"line":21,"column":57}},"9":{"start":{"line":23,"column":16},"end":{"line":23,"column":47}},"10":{"start":{"line":25,"column":17},"end":{"line":25,"column":50}},"11":{"start":{"line":27,"column":15},"end":{"line":27,"column":45}},"12":{"start":{"line":29,"column":16},"end":{"line":29,"column":48}},"13":{"start":{"line":31,"column":17},"end":{"line":31,"column":48}},"14":{"start":{"line":33,"column":18},"end":{"line":33,"column":52}},"15":{"start":{"line":35,"column":22},"end":{"line":35,"column":49}},"16":{"start":{"line":37,"column":23},"end":{"line":37,"column":62}},"17":{"start":{"line":39,"column":17},"end":{"line":39,"column":47}},"18":{"start":{"line":41,"column":18},"end":{"line":41,"column":52}},"19":{"start":{"line":43,"column":39},"end":{"line":43,"column":93}},"20":{"start":{"line":45,"column":23},"end":{"line":273,"column":3}},"21":{"start":{"line":47,"column":8},"end":{"line":47,"column":62}},"22":{"start":{"line":50,"column":4},"end":{"line":271,"column":8}},"23":{"start":{"line":55,"column":23},"end":{"line":87,"column":15}},"24":{"start":{"line":57,"column":16},"end":{"line":86,"column":44}},"25":{"start":{"line":58,"column":20},"end":{"line":85,"column":21}},"26":{"start":{"line":59,"column":24},"end":{"line":84,"column":25}},"27":{"start":{"line":61,"column":32},"end":{"line":61,"column":76}},"28":{"start":{"line":62,"column":32},"end":{"line":62,"column":50}},"29":{"start":{"line":63,"column":32},"end":{"line":63,"column":50}},"30":{"start":{"line":64,"column":32},"end":{"line":64,"column":80}},"31":{"start":{"line":67,"column":32},"end":{"line":67,"column":57}},"32":{"start":{"line":68,"column":32},"end":{"line":71,"column":36}},"33":{"start":{"line":74,"column":32},"end":{"line":74,"column":50}},"34":{"start":{"line":75,"column":32},"end":{"line":75,"column":67}},"35":{"start":{"line":76,"column":32},"end":{"line":79,"column":36}},"36":{"start":{"line":83,"column":32},"end":{"line":83,"column":55}},"37":{"start":{"line":90,"column":16},"end":{"line":90,"column":51}},"38":{"start":{"line":93,"column":12},"end":{"line":93,"column":33}},"39":{"start":{"line":101,"column":24},"end":{"line":135,"column":15}},"40":{"start":{"line":104,"column":16},"end":{"line":134,"column":46}},"41":{"start":{"line":105,"column":20},"end":{"line":133,"column":21}},"42":{"start":{"line":106,"column":24},"end":{"line":132,"column":25}},"43":{"start":{"line":108,"column":32},"end":{"line":108,"column":63}},"44":{"start":{"line":109,"column":32},"end":{"line":109,"column":61}},"45":{"start":{"line":110,"column":32},"end":{"line":110,"column":275}},"46":{"start":{"line":111,"column":32},"end":{"line":111,"column":51}},"47":{"start":{"line":112,"column":32},"end":{"line":112,"column":51}},"48":{"start":{"line":113,"column":32},"end":{"line":113,"column":178}},"49":{"start":{"line":116,"column":32},"end":{"line":116,"column":58}},"50":{"start":{"line":117,"column":32},"end":{"line":120,"column":36}},"51":{"start":{"line":123,"column":32},"end":{"line":123,"column":52}},"52":{"start":{"line":124,"column":32},"end":{"line":124,"column":69}},"53":{"start":{"line":125,"column":32},"end":{"line":127,"column":36}},"54":{"start":{"line":131,"column":32},"end":{"line":131,"column":56}},"55":{"start":{"line":138,"column":16},"end":{"line":138,"column":52}},"56":{"start":{"line":141,"column":12},"end":{"line":141,"column":35}},"57":{"start":{"line":148,"column":24},"end":{"line":182,"column":15}},"58":{"start":{"line":150,"column":16},"end":{"line":181,"column":45}},"59":{"start":{"line":151,"column":20},"end":{"line":180,"column":21}},"60":{"start":{"line":152,"column":24},"end":{"line":179,"column":25}},"61":{"start":{"line":154,"column":32},"end":{"line":154,"column":57}},"62":{"start":{"line":155,"column":32},"end":{"line":155,"column":51}},"63":{"start":{"line":156,"column":32},"end":{"line":156,"column":51}},"64":{"start":{"line":157,"column":32},"end":{"line":157,"column":95}},"65":{"start":{"line":160,"column":32},"end":{"line":160,"column":58}},"66":{"start":{"line":162,"column":32},"end":{"line":165,"column":35}},"67":{"start":{"line":166,"column":32},"end":{"line":166,"column":54}},"68":{"start":{"line":167,"column":32},"end":{"line":167,"column":52}},"69":{"start":{"line":168,"column":32},"end":{"line":168,"column":38}},"70":{"start":{"line":171,"column":32},"end":{"line":171,"column":51}},"71":{"start":{"line":172,"column":32},"end":{"line":172,"column":69}},"72":{"start":{"line":174,"column":32},"end":{"line":174,"column":58}},"73":{"start":{"line":178,"column":32},"end":{"line":178,"column":56}},"74":{"start":{"line":185,"column":16},"end":{"line":185,"column":52}},"75":{"start":{"line":188,"column":12},"end":{"line":188,"column":36}},"76":{"start":{"line":196,"column":27},"end":{"line":196,"column":40}},"77":{"start":{"line":214,"column":27},"end":{"line":214,"column":41}},"78":{"start":{"line":215,"column":28},"end":{"line":215,"column":46}},"79":{"start":{"line":217,"column":12},"end":{"line":228,"column":13}},"80":{"start":{"line":218,"column":31},"end":{"line":218,"column":95}},"81":{"start":{"line":221,"column":16},"end":{"line":223,"column":19}},"82":{"start":{"line":225,"column":16},"end":{"line":227,"column":19}},"83":{"start":{"line":235,"column":27},"end":{"line":235,"column":41}},"84":{"start":{"line":236,"column":30},"end":{"line":236,"column":50}},"85":{"start":{"line":238,"column":12},"end":{"line":247,"column":13}},"86":{"start":{"line":239,"column":31},"end":{"line":239,"column":106}},"87":{"start":{"line":240,"column":16},"end":{"line":242,"column":19}},"88":{"start":{"line":244,"column":16},"end":{"line":246,"column":19}},"89":{"start":{"line":255,"column":27},"end":{"line":255,"column":40}},"90":{"start":{"line":256,"column":29},"end":{"line":256,"column":94}},"91":{"start":{"line":257,"column":12},"end":{"line":269,"column":13}},"92":{"start":{"line":258,"column":40},"end":{"line":260,"column":18}},"93":{"start":{"line":259,"column":20},"end":{"line":259,"column":49}},"94":{"start":{"line":261,"column":16},"end":{"line":264,"column":19}},"95":{"start":{"line":266,"column":16},"end":{"line":268,"column":19}},"96":{"start":{"line":272,"column":4},"end":{"line":272,"column":28}},"97":{"start":{"line":275,"column":0},"end":{"line":275,"column":35}}},"fnMap":{"0":{"name":"_interopRequireDefault","decl":{"start":{"line":43,"column":9},"end":{"line":43,"column":31}},"loc":{"start":{"line":43,"column":37},"end":{"line":43,"column":95}},"line":43},"1":{"name":"(anonymous_1)","decl":{"start":{"line":45,"column":23},"end":{"line":45,"column":24}},"loc":{"start":{"line":45,"column":35},"end":{"line":273,"column":1}},"line":45},"2":{"name":"parcelController","decl":{"start":{"line":46,"column":13},"end":{"line":46,"column":29}},"loc":{"start":{"line":46,"column":32},"end":{"line":48,"column":5}},"line":46},"3":{"name":"(anonymous_3)","decl":{"start":{"line":54,"column":15},"end":{"line":54,"column":16}},"loc":{"start":{"line":54,"column":27},"end":{"line":94,"column":9}},"line":54},"4":{"name":"_callee","decl":{"start":{"line":55,"column":105},"end":{"line":55,"column":112}},"loc":{"start":{"line":55,"column":123},"end":{"line":87,"column":13}},"line":55},"5":{"name":"_callee$","decl":{"start":{"line":57,"column":59},"end":{"line":57,"column":67}},"loc":{"start":{"line":57,"column":78},"end":{"line":86,"column":17}},"line":57},"6":{"name":"getAllParcels","decl":{"start":{"line":89,"column":21},"end":{"line":89,"column":34}},"loc":{"start":{"line":89,"column":44},"end":{"line":91,"column":13}},"line":89},"7":{"name":"(anonymous_7)","decl":{"start":{"line":100,"column":15},"end":{"line":100,"column":16}},"loc":{"start":{"line":100,"column":27},"end":{"line":142,"column":9}},"line":100},"8":{"name":"_callee2","decl":{"start":{"line":101,"column":106},"end":{"line":101,"column":114}},"loc":{"start":{"line":101,"column":125},"end":{"line":135,"column":13}},"line":101},"9":{"name":"_callee2$","decl":{"start":{"line":104,"column":59},"end":{"line":104,"column":68}},"loc":{"start":{"line":104,"column":80},"end":{"line":134,"column":17}},"line":104},"10":{"name":"createNewParcel","decl":{"start":{"line":137,"column":21},"end":{"line":137,"column":36}},"loc":{"start":{"line":137,"column":47},"end":{"line":139,"column":13}},"line":137},"11":{"name":"(anonymous_11)","decl":{"start":{"line":147,"column":15},"end":{"line":147,"column":16}},"loc":{"start":{"line":147,"column":27},"end":{"line":189,"column":9}},"line":147},"12":{"name":"_callee3","decl":{"start":{"line":148,"column":106},"end":{"line":148,"column":114}},"loc":{"start":{"line":148,"column":125},"end":{"line":182,"column":13}},"line":148},"13":{"name":"_callee3$","decl":{"start":{"line":150,"column":59},"end":{"line":150,"column":68}},"loc":{"start":{"line":150,"column":80},"end":{"line":181,"column":17}},"line":150},"14":{"name":"getParcelsByUser","decl":{"start":{"line":184,"column":21},"end":{"line":184,"column":37}},"loc":{"start":{"line":184,"column":48},"end":{"line":186,"column":13}},"line":184},"15":{"name":"getSpecificParcel","decl":{"start":{"line":195,"column":24},"end":{"line":195,"column":41}},"loc":{"start":{"line":195,"column":52},"end":{"line":208,"column":9}},"line":195},"16":{"name":"updateParcelStatus","decl":{"start":{"line":213,"column":24},"end":{"line":213,"column":42}},"loc":{"start":{"line":213,"column":53},"end":{"line":229,"column":9}},"line":213},"17":{"name":"updateParcelPresentLocation","decl":{"start":{"line":234,"column":24},"end":{"line":234,"column":51}},"loc":{"start":{"line":234,"column":62},"end":{"line":248,"column":9}},"line":234},"18":{"name":"deleteSpecificParcel","decl":{"start":{"line":254,"column":24},"end":{"line":254,"column":44}},"loc":{"start":{"line":254,"column":55},"end":{"line":270,"column":9}},"line":254},"19":{"name":"(anonymous_19)","decl":{"start":{"line":258,"column":66},"end":{"line":258,"column":67}},"loc":{"start":{"line":258,"column":84},"end":{"line":260,"column":17}},"line":258}},"branchMap":{"0":{"loc":{"start":{"line":43,"column":46},"end":{"line":43,"column":92}},"type":"cond-expr","locations":[{"start":{"line":43,"column":70},"end":{"line":43,"column":73}},{"start":{"line":43,"column":76},"end":{"line":43,"column":92}}],"line":43},"1":{"loc":{"start":{"line":43,"column":46},"end":{"line":43,"column":67}},"type":"binary-expr","locations":[{"start":{"line":43,"column":46},"end":{"line":43,"column":49}},{"start":{"line":43,"column":53},"end":{"line":43,"column":67}}],"line":43},"2":{"loc":{"start":{"line":59,"column":24},"end":{"line":84,"column":25}},"type":"switch","locations":[{"start":{"line":60,"column":28},"end":{"line":64,"column":80}},{"start":{"line":66,"column":28},"end":{"line":71,"column":36}},{"start":{"line":73,"column":28},"end":{"line":79,"column":36}},{"start":{"line":81,"column":28},"end":{"line":81,"column":36}},{"start":{"line":82,"column":28},"end":{"line":83,"column":55}}],"line":59},"3":{"loc":{"start":{"line":106,"column":24},"end":{"line":132,"column":25}},"type":"switch","locations":[{"start":{"line":107,"column":28},"end":{"line":113,"column":178}},{"start":{"line":115,"column":28},"end":{"line":120,"column":36}},{"start":{"line":122,"column":28},"end":{"line":127,"column":36}},{"start":{"line":129,"column":28},"end":{"line":129,"column":36}},{"start":{"line":130,"column":28},"end":{"line":131,"column":56}}],"line":106},"4":{"loc":{"start":{"line":152,"column":24},"end":{"line":179,"column":25}},"type":"switch","locations":[{"start":{"line":153,"column":28},"end":{"line":157,"column":95}},{"start":{"line":159,"column":28},"end":{"line":168,"column":38}},{"start":{"line":170,"column":28},"end":{"line":174,"column":58}},{"start":{"line":176,"column":28},"end":{"line":176,"column":36}},{"start":{"line":177,"column":28},"end":{"line":178,"column":56}}],"line":152},"5":{"loc":{"start":{"line":257,"column":12},"end":{"line":269,"column":13}},"type":"if","locations":[{"start":{"line":257,"column":12},"end":{"line":269,"column":13}},{"start":{"line":257,"column":12},"end":{"line":269,"column":13}}],"line":257}},"s":{"0":1,"1":1,"2":1,"3":1,"4":1,"5":1,"6":1,"7":1,"8":1,"9":1,"10":1,"11":1,"12":1,"13":1,"14":1,"15":1,"16":1,"17":1,"18":1,"19":9,"20":1,"21":0,"22":1,"23":1,"24":0,"25":0,"26":0,"27":0,"28":0,"29":0,"30":0,"31":0,"32":0,"33":0,"34":0,"35":0,"36":0,"37":0,"38":1,"39":1,"40":0,"41":0,"42":0,"43":0,"44":0,"45":0,"46":0,"47":0,"48":0,"49":0,"50":0,"51":0,"52":0,"53":0,"54":0,"55":0,"56":1,"57":1,"58":0,"59":0,"60":0,"61":0,"62":0,"63":0,"64":0,"65":0,"66":0,"67":0,"68":0,"69":0,"70":0,"71":0,"72":0,"73":0,"74":0,"75":1,"76":0,"77":0,"78":0,"79":0,"80":0,"81":0,"82":0,"83":0,"84":0,"85":0,"86":0,"87":0,"88":0,"89":0,"90":0,"91":0,"92":0,"93":0,"94":0,"95":0,"96":1,"97":1},"f":{"0":9,"1":1,"2":0,"3":1,"4":0,"5":0,"6":0,"7":1,"8":0,"9":0,"10":0,"11":1,"12":0,"13":0,"14":0,"15":0,"16":0,"17":0,"18":0,"19":0},"b":{"0":[7,2],"1":[9,9],"2":[0,0,0,0,0],"3":[0,0,0,0,0],"4":[0,0,0,0,0],"5":[0,0]},"_coverageSchema":"43e27e138ebf9cfc5966b082cf9a028302ed4184","hash":"324544e51c12b484d2c2ea7a2fbf5be2f8024300","contentHash":"24a790c59e0e9c8262a9a04c1ceb106d"},"/home/chidozie/Documents/send-it-test-api/send-it-initial-test-api-nodb/database/parceldb.js":{"path":"/home/chidozie/Documents/send-it-test-api/send-it-initial-test-api-nodb/database/parceldb.js","statementMap":{"0":{"start":{"line":3,"column":0},"end":{"line":5,"column":3}},"1":{"start":{"line":6,"column":14},"end":{"line":27,"column":2}},"2":{"start":{"line":28,"column":0},"end":{"line":28,"column":26}}},"fnMap":{},"branchMap":{},"s":{"0":1,"1":1,"2":1},"f":{},"b":{},"_coverageSchema":"43e27e138ebf9cfc5966b082cf9a028302ed4184","hash":"a2de9f5058fafb3e990df8388f55ad79226b9d82","contentHash":"956d3146de53664ec82c5d03b09b3c61"},"/home/chidozie/Documents/send-it-test-api/send-it-initial-test-api-nodb/database/usersdb.js":{"path":"/home/chidozie/Documents/send-it-test-api/send-it-initial-test-api-nodb/database/usersdb.js","statementMap":{"0":{"start":{"line":3,"column":0},"end":{"line":5,"column":3}},"1":{"start":{"line":6,"column":14},"end":{"line":18,"column":2}},"2":{"start":{"line":19,"column":0},"end":{"line":19,"column":26}}},"fnMap":{},"branchMap":{},"s":{"0":1,"1":1,"2":1},"f":{},"b":{},"_coverageSchema":"43e27e138ebf9cfc5966b082cf9a028302ed4184","hash":"e40abc0af8e475bd350af9f76049ed1e386634c7","contentHash":"4be0073081efe844b83a7a45628e9d96"},"/home/chidozie/Documents/send-it-test-api/send-it-initial-test-api-nodb/helpers/findUsers.js":{"path":"/home/chidozie/Documents/send-it-test-api/send-it-initial-test-api-nodb/helpers/findUsers.js","statementMap":{"0":{"start":{"line":3,"column":0},"end":{"line":5,"column":3}},"1":{"start":{"line":6,"column":16},"end":{"line":10,"column":1}},"2":{"start":{"line":7,"column":4},"end":{"line":9,"column":7}},"3":{"start":{"line":8,"column":8},"end":{"line":8,"column":31}},"4":{"start":{"line":11,"column":0},"end":{"line":13,"column":2}}},"fnMap":{"0":{"name":"findUsers","decl":{"start":{"line":6,"column":25},"end":{"line":6,"column":34}},"loc":{"start":{"line":6,"column":48},"end":{"line":10,"column":1}},"line":6},"1":{"name":"(anonymous_1)","decl":{"start":{"line":7,"column":19},"end":{"line":7,"column":20}},"loc":{"start":{"line":7,"column":35},"end":{"line":9,"column":5}},"line":7}},"branchMap":{},"s":{"0":1,"1":1,"2":0,"3":0,"4":1},"f":{"0":0,"1":0},"b":{},"_coverageSchema":"43e27e138ebf9cfc5966b082cf9a028302ed4184","hash":"242d431f7b6bdc836d496b102a162d84b2bd03cc","contentHash":"3d6ef6f21ac57a68faf7b71e8ba8317a"},"/home/chidozie/Documents/send-it-test-api/send-it-initial-test-api-nodb/controllers/parcelsManager.js":{"path":"/home/chidozie/Documents/send-it-test-api/send-it-initial-test-api-nodb/controllers/parcelsManager.js","statementMap":{"0":{"start":{"line":3,"column":0},"end":{"line":5,"column":3}},"1":{"start":{"line":7,"column":19},"end":{"line":7,"column":55}},"2":{"start":{"line":9,"column":20},"end":{"line":9,"column":56}},"3":{"start":{"line":11,"column":25},"end":{"line":11,"column":74}},"4":{"start":{"line":13,"column":25},"end":{"line":13,"column":67}},"5":{"start":{"line":15,"column":23},"end":{"line":15,"column":70}},"6":{"start":{"line":17,"column":23},"end":{"line":17,"column":63}},"7":{"start":{"line":19,"column":20},"end":{"line":19,"column":64}},"8":{"start":{"line":21,"column":20},"end":{"line":21,"column":57}},"9":{"start":{"line":23,"column":17},"end":{"line":23,"column":50}},"10":{"start":{"line":25,"column":18},"end":{"line":25,"column":52}},"11":{"start":{"line":27,"column":39},"end":{"line":27,"column":93}},"12":{"start":{"line":29,"column":20},"end":{"line":236,"column":3}},"13":{"start":{"line":31,"column":8},"end":{"line":31,"column":59}},"14":{"start":{"line":34,"column":4},"end":{"line":234,"column":8}},"15":{"start":{"line":37,"column":23},"end":{"line":66,"column":15}},"16":{"start":{"line":39,"column":16},"end":{"line":65,"column":44}},"17":{"start":{"line":40,"column":20},"end":{"line":64,"column":21}},"18":{"start":{"line":41,"column":24},"end":{"line":63,"column":25}},"19":{"start":{"line":43,"column":32},"end":{"line":43,"column":50}},"20":{"start":{"line":44,"column":32},"end":{"line":44,"column":50}},"21":{"start":{"line":45,"column":32},"end":{"line":45,"column":176}},"22":{"start":{"line":48,"column":32},"end":{"line":48,"column":53}},"23":{"start":{"line":50,"column":32},"end":{"line":50,"column":50}},"24":{"start":{"line":51,"column":32},"end":{"line":51,"column":51}},"25":{"start":{"line":52,"column":32},"end":{"line":52,"column":38}},"26":{"start":{"line":55,"column":32},"end":{"line":55,"column":50}},"27":{"start":{"line":56,"column":32},"end":{"line":56,"column":67}},"28":{"start":{"line":58,"column":32},"end":{"line":58,"column":57}},"29":{"start":{"line":62,"column":32},"end":{"line":62,"column":55}},"30":{"start":{"line":69,"column":16},"end":{"line":69,"column":51}},"31":{"start":{"line":72,"column":12},"end":{"line":72,"column":32}},"32":{"start":{"line":79,"column":24},"end":{"line":108,"column":15}},"33":{"start":{"line":81,"column":16},"end":{"line":107,"column":45}},"34":{"start":{"line":82,"column":20},"end":{"line":106,"column":21}},"35":{"start":{"line":83,"column":24},"end":{"line":105,"column":25}},"36":{"start":{"line":85,"column":32},"end":{"line":85,"column":51}},"37":{"start":{"line":86,"column":32},"end":{"line":86,"column":51}},"38":{"start":{"line":87,"column":32},"end":{"line":87,"column":75}},"39":{"start":{"line":90,"column":32},"end":{"line":90,"column":53}},"40":{"start":{"line":92,"column":32},"end":{"line":92,"column":49}},"41":{"start":{"line":93,"column":32},"end":{"line":93,"column":52}},"42":{"start":{"line":94,"column":32},"end":{"line":94,"column":38}},"43":{"start":{"line":97,"column":32},"end":{"line":97,"column":51}},"44":{"start":{"line":98,"column":32},"end":{"line":98,"column":69}},"45":{"start":{"line":100,"column":32},"end":{"line":100,"column":58}},"46":{"start":{"line":104,"column":32},"end":{"line":104,"column":56}},"47":{"start":{"line":111,"column":16},"end":{"line":111,"column":52}},"48":{"start":{"line":114,"column":12},"end":{"line":114,"column":33}},"49":{"start":{"line":121,"column":24},"end":{"line":146,"column":15}},"50":{"start":{"line":123,"column":16},"end":{"line":145,"column":45}},"51":{"start":{"line":124,"column":20},"end":{"line":144,"column":21}},"52":{"start":{"line":125,"column":24},"end":{"line":143,"column":25}},"53":{"start":{"line":127,"column":32},"end":{"line":127,"column":51}},"54":{"start":{"line":128,"column":32},"end":{"line":128,"column":51}},"55":{"start":{"line":129,"column":32},"end":{"line":129,"column":99}},"56":{"start":{"line":132,"column":32},"end":{"line":132,"column":53}},"57":{"start":{"line":133,"column":32},"end":{"line":133,"column":71}},"58":{"start":{"line":136,"column":32},"end":{"line":136,"column":51}},"59":{"start":{"line":137,"column":32},"end":{"line":137,"column":69}},"60":{"start":{"line":138,"column":32},"end":{"line":138,"column":80}},"61":{"start":{"line":142,"column":32},"end":{"line":142,"column":56}},"62":{"start":{"line":149,"column":16},"end":{"line":149,"column":52}},"63":{"start":{"line":152,"column":12},"end":{"line":152,"column":38}},"64":{"start":{"line":159,"column":24},"end":{"line":184,"column":15}},"65":{"start":{"line":161,"column":16},"end":{"line":183,"column":45}},"66":{"start":{"line":162,"column":20},"end":{"line":182,"column":21}},"67":{"start":{"line":163,"column":24},"end":{"line":181,"column":25}},"68":{"start":{"line":165,"column":32},"end":{"line":165,"column":51}},"69":{"start":{"line":166,"column":32},"end":{"line":166,"column":51}},"70":{"start":{"line":167,"column":32},"end":{"line":167,"column":104}},"71":{"start":{"line":170,"column":32},"end":{"line":170,"column":53}},"72":{"start":{"line":171,"column":32},"end":{"line":171,"column":71}},"73":{"start":{"line":174,"column":32},"end":{"line":174,"column":51}},"74":{"start":{"line":175,"column":32},"end":{"line":175,"column":69}},"75":{"start":{"line":176,"column":32},"end":{"line":176,"column":80}},"76":{"start":{"line":180,"column":32},"end":{"line":180,"column":56}},"77":{"start":{"line":187,"column":16},"end":{"line":187,"column":52}},"78":{"start":{"line":190,"column":12},"end":{"line":190,"column":47}},"79":{"start":{"line":197,"column":24},"end":{"line":226,"column":15}},"80":{"start":{"line":199,"column":16},"end":{"line":225,"column":45}},"81":{"start":{"line":200,"column":20},"end":{"line":224,"column":21}},"82":{"start":{"line":201,"column":24},"end":{"line":223,"column":25}},"83":{"start":{"line":203,"column":32},"end":{"line":203,"column":51}},"84":{"start":{"line":204,"column":32},"end":{"line":204,"column":51}},"85":{"start":{"line":205,"column":32},"end":{"line":205,"column":85}},"86":{"start":{"line":208,"column":32},"end":{"line":208,"column":53}},"87":{"start":{"line":210,"column":32},"end":{"line":210,"column":49}},"88":{"start":{"line":211,"column":32},"end":{"line":211,"column":52}},"89":{"start":{"line":212,"column":32},"end":{"line":212,"column":38}},"90":{"start":{"line":215,"column":32},"end":{"line":215,"column":51}},"91":{"start":{"line":216,"column":32},"end":{"line":216,"column":69}},"92":{"start":{"line":218,"column":32},"end":{"line":218,"column":58}},"93":{"start":{"line":222,"column":32},"end":{"line":222,"column":56}},"94":{"start":{"line":229,"column":16},"end":{"line":229,"column":52}},"95":{"start":{"line":232,"column":12},"end":{"line":232,"column":42}},"96":{"start":{"line":235,"column":4},"end":{"line":235,"column":25}},"97":{"start":{"line":238,"column":0},"end":{"line":238,"column":32}}},"fnMap":{"0":{"name":"_interopRequireDefault","decl":{"start":{"line":27,"column":9},"end":{"line":27,"column":31}},"loc":{"start":{"line":27,"column":37},"end":{"line":27,"column":95}},"line":27},"1":{"name":"(anonymous_1)","decl":{"start":{"line":29,"column":20},"end":{"line":29,"column":21}},"loc":{"start":{"line":29,"column":32},"end":{"line":236,"column":1}},"line":29},"2":{"name":"ParcelManager","decl":{"start":{"line":30,"column":13},"end":{"line":30,"column":26}},"loc":{"start":{"line":30,"column":29},"end":{"line":32,"column":5}},"line":30},"3":{"name":"(anonymous_3)","decl":{"start":{"line":36,"column":15},"end":{"line":36,"column":16}},"loc":{"start":{"line":36,"column":27},"end":{"line":73,"column":9}},"line":36},"4":{"name":"_callee","decl":{"start":{"line":37,"column":105},"end":{"line":37,"column":112}},"loc":{"start":{"line":37,"column":214},"end":{"line":66,"column":13}},"line":37},"5":{"name":"_callee$","decl":{"start":{"line":39,"column":59},"end":{"line":39,"column":67}},"loc":{"start":{"line":39,"column":78},"end":{"line":65,"column":17}},"line":39},"6":{"name":"addNewParcel","decl":{"start":{"line":68,"column":21},"end":{"line":68,"column":33}},"loc":{"start":{"line":68,"column":73},"end":{"line":70,"column":13}},"line":68},"7":{"name":"(anonymous_7)","decl":{"start":{"line":78,"column":15},"end":{"line":78,"column":16}},"loc":{"start":{"line":78,"column":27},"end":{"line":115,"column":9}},"line":78},"8":{"name":"_callee2","decl":{"start":{"line":79,"column":106},"end":{"line":79,"column":114}},"loc":{"start":{"line":79,"column":117},"end":{"line":108,"column":13}},"line":79},"9":{"name":"_callee2$","decl":{"start":{"line":81,"column":59},"end":{"line":81,"column":68}},"loc":{"start":{"line":81,"column":80},"end":{"line":107,"column":17}},"line":81},"10":{"name":"getAllParcels","decl":{"start":{"line":110,"column":21},"end":{"line":110,"column":34}},"loc":{"start":{"line":110,"column":37},"end":{"line":112,"column":13}},"line":110},"11":{"name":"(anonymous_11)","decl":{"start":{"line":120,"column":15},"end":{"line":120,"column":16}},"loc":{"start":{"line":120,"column":27},"end":{"line":153,"column":9}},"line":120},"12":{"name":"_callee3","decl":{"start":{"line":121,"column":106},"end":{"line":121,"column":114}},"loc":{"start":{"line":121,"column":136},"end":{"line":146,"column":13}},"line":121},"13":{"name":"_callee3$","decl":{"start":{"line":123,"column":59},"end":{"line":123,"column":68}},"loc":{"start":{"line":123,"column":80},"end":{"line":145,"column":17}},"line":123},"14":{"name":"updateParcelStatus","decl":{"start":{"line":148,"column":21},"end":{"line":148,"column":39}},"loc":{"start":{"line":148,"column":51},"end":{"line":150,"column":13}},"line":148},"15":{"name":"(anonymous_15)","decl":{"start":{"line":158,"column":15},"end":{"line":158,"column":16}},"loc":{"start":{"line":158,"column":27},"end":{"line":191,"column":9}},"line":158},"16":{"name":"_callee4","decl":{"start":{"line":159,"column":106},"end":{"line":159,"column":114}},"loc":{"start":{"line":159,"column":138},"end":{"line":184,"column":13}},"line":159},"17":{"name":"_callee4$","decl":{"start":{"line":161,"column":59},"end":{"line":161,"column":68}},"loc":{"start":{"line":161,"column":80},"end":{"line":183,"column":17}},"line":161},"18":{"name":"updateParcelPresentlocation","decl":{"start":{"line":186,"column":21},"end":{"line":186,"column":48}},"loc":{"start":{"line":186,"column":61},"end":{"line":188,"column":13}},"line":186},"19":{"name":"(anonymous_19)","decl":{"start":{"line":196,"column":15},"end":{"line":196,"column":16}},"loc":{"start":{"line":196,"column":27},"end":{"line":233,"column":9}},"line":196},"20":{"name":"_callee5","decl":{"start":{"line":197,"column":106},"end":{"line":197,"column":114}},"loc":{"start":{"line":197,"column":123},"end":{"line":226,"column":13}},"line":197},"21":{"name":"_callee5$","decl":{"start":{"line":199,"column":59},"end":{"line":199,"column":68}},"loc":{"start":{"line":199,"column":80},"end":{"line":225,"column":17}},"line":199},"22":{"name":"getAllUsersParcelOrder","decl":{"start":{"line":228,"column":21},"end":{"line":228,"column":43}},"loc":{"start":{"line":228,"column":50},"end":{"line":230,"column":13}},"line":228}},"branchMap":{"0":{"loc":{"start":{"line":27,"column":46},"end":{"line":27,"column":92}},"type":"cond-expr","locations":[{"start":{"line":27,"column":70},"end":{"line":27,"column":73}},{"start":{"line":27,"column":76},"end":{"line":27,"column":92}}],"line":27},"1":{"loc":{"start":{"line":27,"column":46},"end":{"line":27,"column":67}},"type":"binary-expr","locations":[{"start":{"line":27,"column":46},"end":{"line":27,"column":49}},{"start":{"line":27,"column":53},"end":{"line":27,"column":67}}],"line":27},"2":{"loc":{"start":{"line":41,"column":24},"end":{"line":63,"column":25}},"type":"switch","locations":[{"start":{"line":42,"column":28},"end":{"line":45,"column":176}},{"start":{"line":47,"column":28},"end":{"line":52,"column":38}},{"start":{"line":54,"column":28},"end":{"line":58,"column":57}},{"start":{"line":60,"column":28},"end":{"line":60,"column":36}},{"start":{"line":61,"column":28},"end":{"line":62,"column":55}}],"line":41},"3":{"loc":{"start":{"line":83,"column":24},"end":{"line":105,"column":25}},"type":"switch","locations":[{"start":{"line":84,"column":28},"end":{"line":87,"column":75}},{"start":{"line":89,"column":28},"end":{"line":94,"column":38}},{"start":{"line":96,"column":28},"end":{"line":100,"column":58}},{"start":{"line":102,"column":28},"end":{"line":102,"column":36}},{"start":{"line":103,"column":28},"end":{"line":104,"column":56}}],"line":83},"4":{"loc":{"start":{"line":125,"column":24},"end":{"line":143,"column":25}},"type":"switch","locations":[{"start":{"line":126,"column":28},"end":{"line":129,"column":99}},{"start":{"line":131,"column":28},"end":{"line":133,"column":71}},{"start":{"line":135,"column":28},"end":{"line":138,"column":80}},{"start":{"line":140,"column":28},"end":{"line":140,"column":36}},{"start":{"line":141,"column":28},"end":{"line":142,"column":56}}],"line":125},"5":{"loc":{"start":{"line":163,"column":24},"end":{"line":181,"column":25}},"type":"switch","locations":[{"start":{"line":164,"column":28},"end":{"line":167,"column":104}},{"start":{"line":169,"column":28},"end":{"line":171,"column":71}},{"start":{"line":173,"column":28},"end":{"line":176,"column":80}},{"start":{"line":178,"column":28},"end":{"line":178,"column":36}},{"start":{"line":179,"column":28},"end":{"line":180,"column":56}}],"line":163},"6":{"loc":{"start":{"line":201,"column":24},"end":{"line":223,"column":25}},"type":"switch","locations":[{"start":{"line":202,"column":28},"end":{"line":205,"column":85}},{"start":{"line":207,"column":28},"end":{"line":212,"column":38}},{"start":{"line":214,"column":28},"end":{"line":218,"column":58}},{"start":{"line":220,"column":28},"end":{"line":220,"column":36}},{"start":{"line":221,"column":28},"end":{"line":222,"column":56}}],"line":201}},"s":{"0":1,"1":1,"2":1,"3":1,"4":1,"5":1,"6":1,"7":1,"8":1,"9":1,"10":1,"11":5,"12":1,"13":0,"14":1,"15":1,"16":0,"17":0,"18":0,"19":0,"20":0,"21":0,"22":0,"23":0,"24":0,"25":0,"26":0,"27":0,"28":0,"29":0,"30":0,"31":1,"32":1,"33":0,"34":0,"35":0,"36":0,"37":0,"38":0,"39":0,"40":0,"41":0,"42":0,"43":0,"44":0,"45":0,"46":0,"47":0,"48":1,"49":1,"50":0,"51":0,"52":0,"53":0,"54":0,"55":0,"56":0,"57":0,"58":0,"59":0,"60":0,"61":0,"62":0,"63":1,"64":1,"65":0,"66":0,"67":0,"68":0,"69":0,"70":0,"71":0,"72":0,"73":0,"74":0,"75":0,"76":0,"77":0,"78":1,"79":1,"80":0,"81":0,"82":0,"83":0,"84":0,"85":0,"86":0,"87":0,"88":0,"89":0,"90":0,"91":0,"92":0,"93":0,"94":0,"95":1,"96":1,"97":1},"f":{"0":5,"1":1,"2":0,"3":1,"4":0,"5":0,"6":0,"7":1,"8":0,"9":0,"10":0,"11":1,"12":0,"13":0,"14":0,"15":1,"16":0,"17":0,"18":0,"19":1,"20":0,"21":0,"22":0},"b":{"0":[4,1],"1":[5,5],"2":[0,0,0,0,0],"3":[0,0,0,0,0],"4":[0,0,0,0,0],"5":[0,0,0,0,0],"6":[0,0,0,0,0]},"_coverageSchema":"43e27e138ebf9cfc5966b082cf9a028302ed4184","hash":"3f08731505c74f34f95fff3743430ded6ce021bf","contentHash":"9749f6c206741a7b50126a66928e376a"},"/home/chidozie/Documents/send-it-test-api/send-it-initial-test-api-nodb/dbManager/dbManager.js":{"path":"/home/chidozie/Documents/send-it-test-api/send-it-initial-test-api-nodb/dbManager/dbManager.js","statementMap":{"0":{"start":{"line":3,"column":0},"end":{"line":5,"column":3}},"1":{"start":{"line":7,"column":19},"end":{"line":7,"column":55}},"2":{"start":{"line":9,"column":20},"end":{"line":9,"column":56}},"3":{"start":{"line":11,"column":25},"end":{"line":11,"column":74}},"4":{"start":{"line":13,"column":25},"end":{"line":13,"column":67}},"5":{"start":{"line":15,"column":23},"end":{"line":15,"column":70}},"6":{"start":{"line":17,"column":23},"end":{"line":17,"column":63}},"7":{"start":{"line":19,"column":20},"end":{"line":19,"column":64}},"8":{"start":{"line":21,"column":20},"end":{"line":21,"column":57}},"9":{"start":{"line":23,"column":10},"end":{"line":23,"column":23}},"10":{"start":{"line":25,"column":14},"end":{"line":25,"column":31}},"11":{"start":{"line":27,"column":15},"end":{"line":27,"column":46}},"12":{"start":{"line":29,"column":29},"end":{"line":29,"column":71}},"13":{"start":{"line":31,"column":30},"end":{"line":31,"column":76}},"14":{"start":{"line":33,"column":39},"end":{"line":33,"column":93}},"15":{"start":{"line":35,"column":0},"end":{"line":35,"column":26}},"16":{"start":{"line":37,"column":16},"end":{"line":455,"column":3}},"17":{"start":{"line":39,"column":8},"end":{"line":39,"column":55}},"18":{"start":{"line":41,"column":27},"end":{"line":41,"column":29}},"19":{"start":{"line":42,"column":8},"end":{"line":49,"column":9}},"20":{"start":{"line":43,"column":12},"end":{"line":45,"column":13}},"21":{"start":{"line":44,"column":16},"end":{"line":44,"column":68}},"22":{"start":{"line":46,"column":12},"end":{"line":48,"column":13}},"23":{"start":{"line":47,"column":16},"end":{"line":47,"column":75}},"24":{"start":{"line":50,"column":8},"end":{"line":50,"column":47}},"25":{"start":{"line":51,"column":8},"end":{"line":51,"column":28}},"26":{"start":{"line":54,"column":4},"end":{"line":453,"column":8}},"27":{"start":{"line":57,"column":29},"end":{"line":57,"column":301}},"28":{"start":{"line":58,"column":31},"end":{"line":58,"column":639}},"29":{"start":{"line":59,"column":12},"end":{"line":61,"column":15}},"30":{"start":{"line":60,"column":16},"end":{"line":60,"column":40}},"31":{"start":{"line":62,"column":12},"end":{"line":68,"column":15}},"32":{"start":{"line":63,"column":16},"end":{"line":63,"column":40}},"33":{"start":{"line":65,"column":16},"end":{"line":65,"column":40}},"34":{"start":{"line":67,"column":16},"end":{"line":67,"column":40}},"35":{"start":{"line":73,"column":23},"end":{"line":103,"column":15}},"36":{"start":{"line":75,"column":16},"end":{"line":102,"column":44}},"37":{"start":{"line":76,"column":20},"end":{"line":101,"column":21}},"38":{"start":{"line":77,"column":24},"end":{"line":100,"column":25}},"39":{"start":{"line":79,"column":32},"end":{"line":79,"column":50}},"40":{"start":{"line":80,"column":32},"end":{"line":80,"column":206}},"41":{"start":{"line":81,"column":32},"end":{"line":81,"column":50}},"42":{"start":{"line":82,"column":32},"end":{"line":82,"column":161}},"43":{"start":{"line":85,"column":32},"end":{"line":85,"column":57}},"44":{"start":{"line":87,"column":32},"end":{"line":87,"column":54}},"45":{"start":{"line":88,"column":32},"end":{"line":88,"column":51}},"46":{"start":{"line":89,"column":32},"end":{"line":89,"column":38}},"47":{"start":{"line":92,"column":32},"end":{"line":92,"column":50}},"48":{"start":{"line":93,"column":32},"end":{"line":93,"column":67}},"49":{"start":{"line":95,"column":32},"end":{"line":95,"column":59}},"50":{"start":{"line":99,"column":32},"end":{"line":99,"column":55}},"51":{"start":{"line":106,"column":16},"end":{"line":106,"column":51}},"52":{"start":{"line":109,"column":12},"end":{"line":109,"column":35}},"53":{"start":{"line":116,"column":24},"end":{"line":146,"column":15}},"54":{"start":{"line":118,"column":16},"end":{"line":145,"column":45}},"55":{"start":{"line":119,"column":20},"end":{"line":144,"column":21}},"56":{"start":{"line":120,"column":24},"end":{"line":143,"column":25}},"57":{"start":{"line":122,"column":32},"end":{"line":122,"column":51}},"58":{"start":{"line":123,"column":32},"end":{"line":123,"column":151}},"59":{"start":{"line":124,"column":32},"end":{"line":124,"column":51}},"60":{"start":{"line":125,"column":32},"end":{"line":125,"column":58}},"61":{"start":{"line":128,"column":32},"end":{"line":128,"column":58}},"62":{"start":{"line":130,"column":32},"end":{"line":130,"column":54}},"63":{"start":{"line":131,"column":32},"end":{"line":131,"column":52}},"64":{"start":{"line":132,"column":32},"end":{"line":132,"column":38}},"65":{"start":{"line":135,"column":32},"end":{"line":135,"column":51}},"66":{"start":{"line":136,"column":32},"end":{"line":136,"column":69}},"67":{"start":{"line":138,"column":32},"end":{"line":138,"column":60}},"68":{"start":{"line":142,"column":32},"end":{"line":142,"column":56}},"69":{"start":{"line":149,"column":16},"end":{"line":149,"column":52}},"70":{"start":{"line":152,"column":12},"end":{"line":152,"column":33}},"71":{"start":{"line":159,"column":24},"end":{"line":189,"column":15}},"72":{"start":{"line":161,"column":16},"end":{"line":188,"column":45}},"73":{"start":{"line":162,"column":20},"end":{"line":187,"column":21}},"74":{"start":{"line":163,"column":24},"end":{"line":186,"column":25}},"75":{"start":{"line":165,"column":32},"end":{"line":165,"column":51}},"76":{"start":{"line":166,"column":32},"end":{"line":166,"column":135}},"77":{"start":{"line":167,"column":32},"end":{"line":167,"column":51}},"78":{"start":{"line":168,"column":32},"end":{"line":168,"column":68}},"79":{"start":{"line":171,"column":32},"end":{"line":171,"column":58}},"80":{"start":{"line":173,"column":32},"end":{"line":173,"column":63}},"81":{"start":{"line":174,"column":32},"end":{"line":174,"column":76}},"82":{"start":{"line":177,"column":32},"end":{"line":177,"column":51}},"83":{"start":{"line":178,"column":32},"end":{"line":178,"column":69}},"84":{"start":{"line":180,"column":32},"end":{"line":180,"column":60}},"85":{"start":{"line":181,"column":32},"end":{"line":181,"column":80}},"86":{"start":{"line":185,"column":32},"end":{"line":185,"column":56}},"87":{"start":{"line":192,"column":16},"end":{"line":192,"column":52}},"88":{"start":{"line":195,"column":12},"end":{"line":195,"column":37}},"89":{"start":{"line":202,"column":24},"end":{"line":232,"column":15}},"90":{"start":{"line":204,"column":16},"end":{"line":231,"column":45}},"91":{"start":{"line":205,"column":20},"end":{"line":230,"column":21}},"92":{"start":{"line":206,"column":24},"end":{"line":229,"column":25}},"93":{"start":{"line":208,"column":32},"end":{"line":208,"column":51}},"94":{"start":{"line":209,"column":32},"end":{"line":209,"column":79}},"95":{"start":{"line":210,"column":32},"end":{"line":210,"column":51}},"96":{"start":{"line":211,"column":32},"end":{"line":211,"column":67}},"97":{"start":{"line":214,"column":32},"end":{"line":214,"column":58}},"98":{"start":{"line":216,"column":32},"end":{"line":216,"column":54}},"99":{"start":{"line":217,"column":32},"end":{"line":217,"column":76}},"100":{"start":{"line":220,"column":32},"end":{"line":220,"column":51}},"101":{"start":{"line":221,"column":32},"end":{"line":221,"column":69}},"102":{"start":{"line":223,"column":32},"end":{"line":223,"column":58}},"103":{"start":{"line":224,"column":32},"end":{"line":224,"column":80}},"104":{"start":{"line":228,"column":32},"end":{"line":228,"column":56}},"105":{"start":{"line":235,"column":16},"end":{"line":235,"column":52}},"106":{"start":{"line":238,"column":12},"end":{"line":238,"column":32}},"107":{"start":{"line":245,"column":24},"end":{"line":274,"column":15}},"108":{"start":{"line":247,"column":16},"end":{"line":273,"column":45}},"109":{"start":{"line":248,"column":20},"end":{"line":272,"column":21}},"110":{"start":{"line":249,"column":24},"end":{"line":271,"column":25}},"111":{"start":{"line":251,"column":32},"end":{"line":251,"column":51}},"112":{"start":{"line":252,"column":32},"end":{"line":252,"column":115}},"113":{"start":{"line":253,"column":32},"end":{"line":253,"column":51}},"114":{"start":{"line":254,"column":32},"end":{"line":254,"column":87}},"115":{"start":{"line":257,"column":32},"end":{"line":257,"column":58}},"116":{"start":{"line":259,"column":32},"end":{"line":259,"column":76}},"117":{"start":{"line":260,"column":32},"end":{"line":260,"column":76}},"118":{"start":{"line":263,"column":32},"end":{"line":263,"column":51}},"119":{"start":{"line":264,"column":32},"end":{"line":264,"column":69}},"120":{"start":{"line":266,"column":32},"end":{"line":266,"column":77}},"121":{"start":{"line":270,"column":32},"end":{"line":270,"column":56}},"122":{"start":{"line":277,"column":16},"end":{"line":277,"column":52}},"123":{"start":{"line":280,"column":12},"end":{"line":280,"column":35}},"124":{"start":{"line":287,"column":24},"end":{"line":316,"column":15}},"125":{"start":{"line":289,"column":16},"end":{"line":315,"column":45}},"126":{"start":{"line":290,"column":20},"end":{"line":314,"column":21}},"127":{"start":{"line":291,"column":24},"end":{"line":313,"column":25}},"128":{"start":{"line":293,"column":32},"end":{"line":293,"column":51}},"129":{"start":{"line":294,"column":32},"end":{"line":294,"column":89}},"130":{"start":{"line":295,"column":32},"end":{"line":295,"column":51}},"131":{"start":{"line":296,"column":32},"end":{"line":296,"column":77}},"132":{"start":{"line":299,"column":32},"end":{"line":299,"column":58}},"133":{"start":{"line":301,"column":32},"end":{"line":301,"column":72}},"134":{"start":{"line":302,"column":32},"end":{"line":302,"column":76}},"135":{"start":{"line":305,"column":32},"end":{"line":305,"column":51}},"136":{"start":{"line":306,"column":32},"end":{"line":306,"column":69}},"137":{"start":{"line":308,"column":32},"end":{"line":308,"column":58}},"138":{"start":{"line":312,"column":32},"end":{"line":312,"column":56}},"139":{"start":{"line":319,"column":16},"end":{"line":319,"column":52}},"140":{"start":{"line":322,"column":12},"end":{"line":322,"column":37}},"141":{"start":{"line":329,"column":24},"end":{"line":359,"column":15}},"142":{"start":{"line":331,"column":16},"end":{"line":358,"column":45}},"143":{"start":{"line":332,"column":20},"end":{"line":357,"column":21}},"144":{"start":{"line":333,"column":24},"end":{"line":356,"column":25}},"145":{"start":{"line":335,"column":32},"end":{"line":335,"column":51}},"146":{"start":{"line":336,"column":32},"end":{"line":336,"column":117}},"147":{"start":{"line":337,"column":32},"end":{"line":337,"column":51}},"148":{"start":{"line":338,"column":32},"end":{"line":338,"column":94}},"149":{"start":{"line":341,"column":32},"end":{"line":341,"column":58}},"150":{"start":{"line":343,"column":32},"end":{"line":343,"column":54}},"151":{"start":{"line":344,"column":32},"end":{"line":344,"column":52}},"152":{"start":{"line":345,"column":32},"end":{"line":345,"column":38}},"153":{"start":{"line":348,"column":32},"end":{"line":348,"column":51}},"154":{"start":{"line":349,"column":32},"end":{"line":349,"column":69}},"155":{"start":{"line":351,"column":32},"end":{"line":351,"column":58}},"156":{"start":{"line":355,"column":32},"end":{"line":355,"column":56}},"157":{"start":{"line":362,"column":16},"end":{"line":362,"column":52}},"158":{"start":{"line":365,"column":12},"end":{"line":365,"column":43}},"159":{"start":{"line":372,"column":24},"end":{"line":402,"column":15}},"160":{"start":{"line":374,"column":16},"end":{"line":401,"column":45}},"161":{"start":{"line":375,"column":20},"end":{"line":400,"column":21}},"162":{"start":{"line":376,"column":24},"end":{"line":399,"column":25}},"163":{"start":{"line":378,"column":32},"end":{"line":378,"column":51}},"164":{"start":{"line":379,"column":32},"end":{"line":379,"column":99}},"165":{"start":{"line":380,"column":32},"end":{"line":380,"column":51}},"166":{"start":{"line":381,"column":32},"end":{"line":381,"column":81}},"167":{"start":{"line":384,"column":32},"end":{"line":384,"column":58}},"168":{"start":{"line":386,"column":32},"end":{"line":386,"column":54}},"169":{"start":{"line":387,"column":32},"end":{"line":387,"column":52}},"170":{"start":{"line":388,"column":32},"end":{"line":388,"column":38}},"171":{"start":{"line":391,"column":32},"end":{"line":391,"column":51}},"172":{"start":{"line":392,"column":32},"end":{"line":392,"column":69}},"173":{"start":{"line":394,"column":32},"end":{"line":394,"column":58}},"174":{"start":{"line":398,"column":32},"end":{"line":398,"column":56}},"175":{"start":{"line":405,"column":16},"end":{"line":405,"column":52}},"176":{"start":{"line":408,"column":12},"end":{"line":408,"column":38}},"177":{"start":{"line":415,"column":24},"end":{"line":445,"column":15}},"178":{"start":{"line":417,"column":16},"end":{"line":444,"column":45}},"179":{"start":{"line":418,"column":20},"end":{"line":443,"column":21}},"180":{"start":{"line":419,"column":24},"end":{"line":442,"column":25}},"181":{"start":{"line":421,"column":32},"end":{"line":421,"column":51}},"182":{"start":{"line":422,"column":32},"end":{"line":422,"column":108}},"183":{"start":{"line":423,"column":32},"end":{"line":423,"column":51}},"184":{"start":{"line":424,"column":32},"end":{"line":424,"column":83}},"185":{"start":{"line":427,"column":32},"end":{"line":427,"column":58}},"186":{"start":{"line":429,"column":32},"end":{"line":429,"column":54}},"187":{"start":{"line":430,"column":32},"end":{"line":430,"column":52}},"188":{"start":{"line":431,"column":32},"end":{"line":431,"column":38}},"189":{"start":{"line":434,"column":32},"end":{"line":434,"column":51}},"190":{"start":{"line":435,"column":32},"end":{"line":435,"column":69}},"191":{"start":{"line":437,"column":32},"end":{"line":437,"column":58}},"192":{"start":{"line":441,"column":32},"end":{"line":441,"column":56}},"193":{"start":{"line":448,"column":16},"end":{"line":448,"column":52}},"194":{"start":{"line":451,"column":12},"end":{"line":451,"column":41}},"195":{"start":{"line":454,"column":4},"end":{"line":454,"column":21}},"196":{"start":{"line":457,"column":0},"end":{"line":457,"column":28}}},"fnMap":{"0":{"name":"_interopRequireDefault","decl":{"start":{"line":33,"column":9},"end":{"line":33,"column":31}},"loc":{"start":{"line":33,"column":37},"end":{"line":33,"column":95}},"line":33},"1":{"name":"(anonymous_1)","decl":{"start":{"line":37,"column":16},"end":{"line":37,"column":17}},"loc":{"start":{"line":37,"column":28},"end":{"line":455,"column":1}},"line":37},"2":{"name":"DbManager","decl":{"start":{"line":38,"column":13},"end":{"line":38,"column":22}},"loc":{"start":{"line":38,"column":25},"end":{"line":52,"column":5}},"line":38},"3":{"name":"createTables","decl":{"start":{"line":56,"column":24},"end":{"line":56,"column":36}},"loc":{"start":{"line":56,"column":39},"end":{"line":69,"column":9}},"line":56},"4":{"name":"(anonymous_4)","decl":{"start":{"line":59,"column":45},"end":{"line":59,"column":46}},"loc":{"start":{"line":59,"column":60},"end":{"line":61,"column":13}},"line":59},"5":{"name":"(anonymous_5)","decl":{"start":{"line":62,"column":47},"end":{"line":62,"column":48}},"loc":{"start":{"line":62,"column":62},"end":{"line":64,"column":13}},"line":62},"6":{"name":"(anonymous_6)","decl":{"start":{"line":64,"column":21},"end":{"line":64,"column":22}},"loc":{"start":{"line":64,"column":36},"end":{"line":66,"column":13}},"line":64},"7":{"name":"(anonymous_7)","decl":{"start":{"line":66,"column":21},"end":{"line":66,"column":22}},"loc":{"start":{"line":66,"column":36},"end":{"line":68,"column":13}},"line":66},"8":{"name":"(anonymous_8)","decl":{"start":{"line":72,"column":15},"end":{"line":72,"column":16}},"loc":{"start":{"line":72,"column":27},"end":{"line":110,"column":9}},"line":72},"9":{"name":"_callee","decl":{"start":{"line":73,"column":105},"end":{"line":73,"column":112}},"loc":{"start":{"line":73,"column":214},"end":{"line":103,"column":13}},"line":73},"10":{"name":"_callee$","decl":{"start":{"line":75,"column":59},"end":{"line":75,"column":67}},"loc":{"start":{"line":75,"column":78},"end":{"line":102,"column":17}},"line":75},"11":{"name":"insertNewParcel","decl":{"start":{"line":105,"column":21},"end":{"line":105,"column":36}},"loc":{"start":{"line":105,"column":76},"end":{"line":107,"column":13}},"line":105},"12":{"name":"(anonymous_12)","decl":{"start":{"line":115,"column":15},"end":{"line":115,"column":16}},"loc":{"start":{"line":115,"column":27},"end":{"line":153,"column":9}},"line":115},"13":{"name":"_callee2","decl":{"start":{"line":116,"column":106},"end":{"line":116,"column":114}},"loc":{"start":{"line":116,"column":117},"end":{"line":146,"column":13}},"line":116},"14":{"name":"_callee2$","decl":{"start":{"line":118,"column":59},"end":{"line":118,"column":68}},"loc":{"start":{"line":118,"column":80},"end":{"line":145,"column":17}},"line":118},"15":{"name":"getAllParcels","decl":{"start":{"line":148,"column":21},"end":{"line":148,"column":34}},"loc":{"start":{"line":148,"column":37},"end":{"line":150,"column":13}},"line":148},"16":{"name":"(anonymous_16)","decl":{"start":{"line":158,"column":15},"end":{"line":158,"column":16}},"loc":{"start":{"line":158,"column":27},"end":{"line":196,"column":9}},"line":158},"17":{"name":"_callee3","decl":{"start":{"line":159,"column":106},"end":{"line":159,"column":114}},"loc":{"start":{"line":159,"column":123},"end":{"line":189,"column":13}},"line":159},"18":{"name":"_callee3$","decl":{"start":{"line":161,"column":59},"end":{"line":161,"column":68}},"loc":{"start":{"line":161,"column":80},"end":{"line":188,"column":17}},"line":161},"19":{"name":"getAllUserParcels","decl":{"start":{"line":191,"column":21},"end":{"line":191,"column":38}},"loc":{"start":{"line":191,"column":44},"end":{"line":193,"column":13}},"line":191},"20":{"name":"(anonymous_20)","decl":{"start":{"line":201,"column":15},"end":{"line":201,"column":16}},"loc":{"start":{"line":201,"column":27},"end":{"line":239,"column":9}},"line":201},"21":{"name":"_callee4","decl":{"start":{"line":202,"column":106},"end":{"line":202,"column":114}},"loc":{"start":{"line":202,"column":122},"end":{"line":232,"column":13}},"line":202},"22":{"name":"_callee4$","decl":{"start":{"line":204,"column":59},"end":{"line":204,"column":68}},"loc":{"start":{"line":204,"column":80},"end":{"line":231,"column":17}},"line":204},"23":{"name":"selectUserId","decl":{"start":{"line":234,"column":21},"end":{"line":234,"column":33}},"loc":{"start":{"line":234,"column":40},"end":{"line":236,"column":13}},"line":234},"24":{"name":"(anonymous_24)","decl":{"start":{"line":244,"column":15},"end":{"line":244,"column":16}},"loc":{"start":{"line":244,"column":27},"end":{"line":281,"column":9}},"line":244},"25":{"name":"_callee5","decl":{"start":{"line":245,"column":106},"end":{"line":245,"column":114}},"loc":{"start":{"line":245,"column":142},"end":{"line":274,"column":13}},"line":245},"26":{"name":"_callee5$","decl":{"start":{"line":247,"column":59},"end":{"line":247,"column":68}},"loc":{"start":{"line":247,"column":80},"end":{"line":273,"column":17}},"line":247},"27":{"name":"registerNewUser","decl":{"start":{"line":276,"column":21},"end":{"line":276,"column":36}},"loc":{"start":{"line":276,"column":55},"end":{"line":278,"column":13}},"line":276},"28":{"name":"(anonymous_28)","decl":{"start":{"line":286,"column":15},"end":{"line":286,"column":16}},"loc":{"start":{"line":286,"column":27},"end":{"line":323,"column":9}},"line":286},"29":{"name":"_callee6","decl":{"start":{"line":287,"column":106},"end":{"line":287,"column":114}},"loc":{"start":{"line":287,"column":132},"end":{"line":316,"column":13}},"line":287},"30":{"name":"_callee6$","decl":{"start":{"line":289,"column":59},"end":{"line":289,"column":68}},"loc":{"start":{"line":289,"column":80},"end":{"line":315,"column":17}},"line":289},"31":{"name":"loginExistingUser","decl":{"start":{"line":318,"column":21},"end":{"line":318,"column":38}},"loc":{"start":{"line":318,"column":51},"end":{"line":320,"column":13}},"line":318},"32":{"name":"(anonymous_32)","decl":{"start":{"line":328,"column":15},"end":{"line":328,"column":16}},"loc":{"start":{"line":328,"column":27},"end":{"line":366,"column":9}},"line":328},"33":{"name":"_callee7","decl":{"start":{"line":329,"column":106},"end":{"line":329,"column":114}},"loc":{"start":{"line":329,"column":149},"end":{"line":359,"column":13}},"line":329},"34":{"name":"_callee7$","decl":{"start":{"line":331,"column":59},"end":{"line":331,"column":68}},"loc":{"start":{"line":331,"column":80},"end":{"line":358,"column":17}},"line":331},"35":{"name":"updateParcelDestination","decl":{"start":{"line":361,"column":21},"end":{"line":361,"column":44}},"loc":{"start":{"line":361,"column":63},"end":{"line":363,"column":13}},"line":361},"36":{"name":"(anonymous_36)","decl":{"start":{"line":371,"column":15},"end":{"line":371,"column":16}},"loc":{"start":{"line":371,"column":27},"end":{"line":409,"column":9}},"line":371},"37":{"name":"_callee8","decl":{"start":{"line":372,"column":106},"end":{"line":372,"column":114}},"loc":{"start":{"line":372,"column":136},"end":{"line":402,"column":13}},"line":372},"38":{"name":"_callee8$","decl":{"start":{"line":374,"column":59},"end":{"line":374,"column":68}},"loc":{"start":{"line":374,"column":80},"end":{"line":401,"column":17}},"line":374},"39":{"name":"updateParcelStatus","decl":{"start":{"line":404,"column":21},"end":{"line":404,"column":39}},"loc":{"start":{"line":404,"column":52},"end":{"line":406,"column":13}},"line":404},"40":{"name":"(anonymous_40)","decl":{"start":{"line":414,"column":15},"end":{"line":414,"column":16}},"loc":{"start":{"line":414,"column":27},"end":{"line":452,"column":9}},"line":414},"41":{"name":"_callee9","decl":{"start":{"line":415,"column":106},"end":{"line":415,"column":114}},"loc":{"start":{"line":415,"column":138},"end":{"line":445,"column":13}},"line":415},"42":{"name":"_callee9$","decl":{"start":{"line":417,"column":59},"end":{"line":417,"column":68}},"loc":{"start":{"line":417,"column":80},"end":{"line":444,"column":17}},"line":417},"43":{"name":"updateParcelslocation","decl":{"start":{"line":447,"column":21},"end":{"line":447,"column":42}},"loc":{"start":{"line":447,"column":55},"end":{"line":449,"column":13}},"line":447}},"branchMap":{"0":{"loc":{"start":{"line":33,"column":46},"end":{"line":33,"column":92}},"type":"cond-expr","locations":[{"start":{"line":33,"column":70},"end":{"line":33,"column":73}},{"start":{"line":33,"column":76},"end":{"line":33,"column":92}}],"line":33},"1":{"loc":{"start":{"line":33,"column":46},"end":{"line":33,"column":67}},"type":"binary-expr","locations":[{"start":{"line":33,"column":46},"end":{"line":33,"column":49}},{"start":{"line":33,"column":53},"end":{"line":33,"column":67}}],"line":33},"2":{"loc":{"start":{"line":42,"column":8},"end":{"line":49,"column":9}},"type":"if","locations":[{"start":{"line":42,"column":8},"end":{"line":49,"column":9}},{"start":{"line":42,"column":8},"end":{"line":49,"column":9}}],"line":42},"3":{"loc":{"start":{"line":43,"column":12},"end":{"line":45,"column":13}},"type":"if","locations":[{"start":{"line":43,"column":12},"end":{"line":45,"column":13}},{"start":{"line":43,"column":12},"end":{"line":45,"column":13}}],"line":43},"4":{"loc":{"start":{"line":46,"column":12},"end":{"line":48,"column":13}},"type":"if","locations":[{"start":{"line":46,"column":12},"end":{"line":48,"column":13}},{"start":{"line":46,"column":12},"end":{"line":48,"column":13}}],"line":46},"5":{"loc":{"start":{"line":77,"column":24},"end":{"line":100,"column":25}},"type":"switch","locations":[{"start":{"line":78,"column":28},"end":{"line":82,"column":161}},{"start":{"line":84,"column":28},"end":{"line":89,"column":38}},{"start":{"line":91,"column":28},"end":{"line":95,"column":59}},{"start":{"line":97,"column":28},"end":{"line":97,"column":36}},{"start":{"line":98,"column":28},"end":{"line":99,"column":55}}],"line":77},"6":{"loc":{"start":{"line":120,"column":24},"end":{"line":143,"column":25}},"type":"switch","locations":[{"start":{"line":121,"column":28},"end":{"line":125,"column":58}},{"start":{"line":127,"column":28},"end":{"line":132,"column":38}},{"start":{"line":134,"column":28},"end":{"line":138,"column":60}},{"start":{"line":140,"column":28},"end":{"line":140,"column":36}},{"start":{"line":141,"column":28},"end":{"line":142,"column":56}}],"line":120},"7":{"loc":{"start":{"line":163,"column":24},"end":{"line":186,"column":25}},"type":"switch","locations":[{"start":{"line":164,"column":28},"end":{"line":168,"column":68}},{"start":{"line":170,"column":28},"end":{"line":174,"column":76}},{"start":{"line":176,"column":28},"end":{"line":181,"column":80}},{"start":{"line":183,"column":28},"end":{"line":183,"column":36}},{"start":{"line":184,"column":28},"end":{"line":185,"column":56}}],"line":163},"8":{"loc":{"start":{"line":206,"column":24},"end":{"line":229,"column":25}},"type":"switch","locations":[{"start":{"line":207,"column":28},"end":{"line":211,"column":67}},{"start":{"line":213,"column":28},"end":{"line":217,"column":76}},{"start":{"line":219,"column":28},"end":{"line":224,"column":80}},{"start":{"line":226,"column":28},"end":{"line":226,"column":36}},{"start":{"line":227,"column":28},"end":{"line":228,"column":56}}],"line":206},"9":{"loc":{"start":{"line":249,"column":24},"end":{"line":271,"column":25}},"type":"switch","locations":[{"start":{"line":250,"column":28},"end":{"line":254,"column":87}},{"start":{"line":256,"column":28},"end":{"line":260,"column":76}},{"start":{"line":262,"column":28},"end":{"line":266,"column":77}},{"start":{"line":268,"column":28},"end":{"line":268,"column":36}},{"start":{"line":269,"column":28},"end":{"line":270,"column":56}}],"line":249},"10":{"loc":{"start":{"line":291,"column":24},"end":{"line":313,"column":25}},"type":"switch","locations":[{"start":{"line":292,"column":28},"end":{"line":296,"column":77}},{"start":{"line":298,"column":28},"end":{"line":302,"column":76}},{"start":{"line":304,"column":28},"end":{"line":308,"column":58}},{"start":{"line":310,"column":28},"end":{"line":310,"column":36}},{"start":{"line":311,"column":28},"end":{"line":312,"column":56}}],"line":291},"11":{"loc":{"start":{"line":333,"column":24},"end":{"line":356,"column":25}},"type":"switch","locations":[{"start":{"line":334,"column":28},"end":{"line":338,"column":94}},{"start":{"line":340,"column":28},"end":{"line":345,"column":38}},{"start":{"line":347,"column":28},"end":{"line":351,"column":58}},{"start":{"line":353,"column":28},"end":{"line":353,"column":36}},{"start":{"line":354,"column":28},"end":{"line":355,"column":56}}],"line":333},"12":{"loc":{"start":{"line":376,"column":24},"end":{"line":399,"column":25}},"type":"switch","locations":[{"start":{"line":377,"column":28},"end":{"line":381,"column":81}},{"start":{"line":383,"column":28},"end":{"line":388,"column":38}},{"start":{"line":390,"column":28},"end":{"line":394,"column":58}},{"start":{"line":396,"column":28},"end":{"line":396,"column":36}},{"start":{"line":397,"column":28},"end":{"line":398,"column":56}}],"line":376},"13":{"loc":{"start":{"line":419,"column":24},"end":{"line":442,"column":25}},"type":"switch","locations":[{"start":{"line":420,"column":28},"end":{"line":424,"column":83}},{"start":{"line":426,"column":28},"end":{"line":431,"column":38}},{"start":{"line":433,"column":28},"end":{"line":437,"column":58}},{"start":{"line":439,"column":28},"end":{"line":439,"column":36}},{"start":{"line":440,"column":28},"end":{"line":441,"column":56}}],"line":419}},"s":{"0":1,"1":1,"2":1,"3":1,"4":1,"5":1,"6":1,"7":1,"8":1,"9":1,"10":1,"11":1,"12":1,"13":1,"14":6,"15":1,"16":1,"17":1,"18":1,"19":1,"20":1,"21":1,"22":1,"23":0,"24":1,"25":1,"26":1,"27":1,"28":1,"29":1,"30":0,"31":1,"32":0,"33":1,"34":0,"35":1,"36":0,"37":0,"38":0,"39":0,"40":0,"41":0,"42":0,"43":0,"44":0,"45":0,"46":0,"47":0,"48":0,"49":0,"50":0,"51":0,"52":1,"53":1,"54":0,"55":0,"56":0,"57":0,"58":0,"59":0,"60":0,"61":0,"62":0,"63":0,"64":0,"65":0,"66":0,"67":0,"68":0,"69":0,"70":1,"71":1,"72":0,"73":0,"74":0,"75":0,"76":0,"77":0,"78":0,"79":0,"80":0,"81":0,"82":0,"83":0,"84":0,"85":0,"86":0,"87":0,"88":1,"89":1,"90":0,"91":0,"92":0,"93":0,"94":0,"95":0,"96":0,"97":0,"98":0,"99":0,"100":0,"101":0,"102":0,"103":0,"104":0,"105":0,"106":1,"107":1,"108":1,"109":2,"110":2,"111":1,"112":1,"113":1,"114":1,"115":0,"116":0,"117":0,"118":1,"119":1,"120":1,"121":1,"122":1,"123":1,"124":1,"125":0,"126":0,"127":0,"128":0,"129":0,"130":0,"131":0,"132":0,"133":0,"134":0,"135":0,"136":0,"137":0,"138":0,"139":0,"140":1,"141":1,"142":0,"143":0,"144":0,"145":0,"146":0,"147":0,"148":0,"149":0,"150":0,"151":0,"152":0,"153":0,"154":0,"155":0,"156":0,"157":0,"158":1,"159":1,"160":0,"161":0,"162":0,"163":0,"164":0,"165":0,"166":0,"167":0,"168":0,"169":0,"170":0,"171":0,"172":0,"173":0,"174":0,"175":0,"176":1,"177":1,"178":0,"179":0,"180":0,"181":0,"182":0,"183":0,"184":0,"185":0,"186":0,"187":0,"188":0,"189":0,"190":0,"191":0,"192":0,"193":0,"194":1,"195":1,"196":1},"f":{"0":6,"1":1,"2":1,"3":1,"4":0,"5":0,"6":1,"7":0,"8":1,"9":0,"10":0,"11":0,"12":1,"13":0,"14":0,"15":0,"16":1,"17":0,"18":0,"19":0,"20":1,"21":0,"22":0,"23":0,"24":1,"25":1,"26":2,"27":1,"28":1,"29":0,"30":0,"31":0,"32":1,"33":0,"34":0,"35":0,"36":1,"37":0,"38":0,"39":0,"40":1,"41":0,"42":0,"43":0},"b":{"0":[4,2],"1":[6,6],"2":[1,0],"3":[1,0],"4":[0,1],"5":[0,0,0,0,0],"6":[0,0,0,0,0],"7":[0,0,0,0,0],"8":[0,0,0,0,0],"9":[1,0,1,1,1],"10":[0,0,0,0,0],"11":[0,0,0,0,0],"12":[0,0,0,0,0],"13":[0,0,0,0,0]},"_coverageSchema":"43e27e138ebf9cfc5966b082cf9a028302ed4184","hash":"f96434d0601aecf2fcda6ed55ab789927ebe1ba6","contentHash":"e3c58641230054b0a4bf948d079ebc60"},"/home/chidozie/Documents/send-it-test-api/send-it-initial-test-api-nodb/config/databaseConfiguration.js":{"path":"/home/chidozie/Documents/send-it-test-api/send-it-initial-test-api-nodb/config/databaseConfiguration.js","statementMap":{"0":{"start":{"line":3,"column":0},"end":{"line":5,"column":3}},"1":{"start":{"line":7,"column":14},"end":{"line":7,"column":31}},"2":{"start":{"line":9,"column":15},"end":{"line":9,"column":46}},"3":{"start":{"line":11,"column":39},"end":{"line":11,"column":93}},"4":{"start":{"line":13,"column":0},"end":{"line":13,"column":26}},"5":{"start":{"line":15,"column":21},"end":{"line":37,"column":1}},"6":{"start":{"line":38,"column":0},"end":{"line":38,"column":33}}},"fnMap":{"0":{"name":"_interopRequireDefault","decl":{"start":{"line":11,"column":9},"end":{"line":11,"column":31}},"loc":{"start":{"line":11,"column":37},"end":{"line":11,"column":95}},"line":11}},"branchMap":{"0":{"loc":{"start":{"line":11,"column":46},"end":{"line":11,"column":92}},"type":"cond-expr","locations":[{"start":{"line":11,"column":70},"end":{"line":11,"column":73}},{"start":{"line":11,"column":76},"end":{"line":11,"column":92}}],"line":11},"1":{"loc":{"start":{"line":11,"column":46},"end":{"line":11,"column":67}},"type":"binary-expr","locations":[{"start":{"line":11,"column":46},"end":{"line":11,"column":49}},{"start":{"line":11,"column":53},"end":{"line":11,"column":67}}],"line":11}},"s":{"0":1,"1":1,"2":1,"3":1,"4":1,"5":1,"6":1},"f":{"0":1},"b":{"0":[0,1],"1":[1,1]},"_coverageSchema":"43e27e138ebf9cfc5966b082cf9a028302ed4184","hash":"52ec8e883ce1d9c22952e06045696881c42b2afd","contentHash":"b9b3739ae59ea457dc63d2c45539fd71"},"/home/chidozie/Documents/send-it-test-api/send-it-initial-test-api-nodb/mailer/sendMaile.js":{"path":"/home/chidozie/Documents/send-it-test-api/send-it-initial-test-api-nodb/mailer/sendMaile.js","statementMap":{},"fnMap":{},"branchMap":{},"s":{},"f":{},"b":{},"_coverageSchema":"43e27e138ebf9cfc5966b082cf9a028302ed4184","hash":"6da3f287ff94b42ffbe1fafcf67f9bd9c3e47899","contentHash":"7b786a9444b3428290edd489565d70a5"},"/home/chidozie/Documents/send-it-test-api/send-it-initial-test-api-nodb/controllers/usersControllers.js":{"path":"/home/chidozie/Documents/send-it-test-api/send-it-initial-test-api-nodb/controllers/usersControllers.js","statementMap":{"0":{"start":{"line":3,"column":0},"end":{"line":5,"column":3}},"1":{"start":{"line":7,"column":19},"end":{"line":7,"column":55}},"2":{"start":{"line":9,"column":20},"end":{"line":9,"column":56}},"3":{"start":{"line":11,"column":25},"end":{"line":11,"column":74}},"4":{"start":{"line":13,"column":25},"end":{"line":13,"column":67}},"5":{"start":{"line":15,"column":23},"end":{"line":15,"column":70}},"6":{"start":{"line":17,"column":23},"end":{"line":17,"column":63}},"7":{"start":{"line":19,"column":20},"end":{"line":19,"column":64}},"8":{"start":{"line":21,"column":20},"end":{"line":21,"column":57}},"9":{"start":{"line":23,"column":20},"end":{"line":23,"column":43}},"10":{"start":{"line":25,"column":21},"end":{"line":25,"column":58}},"11":{"start":{"line":27,"column":15},"end":{"line":27,"column":45}},"12":{"start":{"line":29,"column":16},"end":{"line":29,"column":48}},"13":{"start":{"line":31,"column":17},"end":{"line":31,"column":48}},"14":{"start":{"line":33,"column":18},"end":{"line":33,"column":52}},"15":{"start":{"line":35,"column":19},"end":{"line":35,"column":43}},"16":{"start":{"line":37,"column":20},"end":{"line":37,"column":56}},"17":{"start":{"line":39,"column":14},"end":{"line":39,"column":31}},"18":{"start":{"line":41,"column":15},"end":{"line":41,"column":46}},"19":{"start":{"line":43,"column":17},"end":{"line":43,"column":50}},"20":{"start":{"line":45,"column":18},"end":{"line":45,"column":52}},"21":{"start":{"line":47,"column":39},"end":{"line":47,"column":93}},"22":{"start":{"line":49,"column":0},"end":{"line":49,"column":26}},"23":{"start":{"line":50,"column":9},"end":{"line":50,"column":34}},"24":{"start":{"line":51,"column":18},"end":{"line":51,"column":47}},"25":{"start":{"line":53,"column":23},"end":{"line":301,"column":3}},"26":{"start":{"line":55,"column":8},"end":{"line":55,"column":62}},"27":{"start":{"line":58,"column":4},"end":{"line":299,"column":8}},"28":{"start":{"line":61,"column":23},"end":{"line":116,"column":15}},"29":{"start":{"line":64,"column":16},"end":{"line":115,"column":45}},"30":{"start":{"line":65,"column":20},"end":{"line":114,"column":21}},"31":{"start":{"line":66,"column":24},"end":{"line":113,"column":25}},"32":{"start":{"line":68,"column":32},"end":{"line":68,"column":140}},"33":{"start":{"line":69,"column":32},"end":{"line":69,"column":50}},"34":{"start":{"line":70,"column":32},"end":{"line":70,"column":50}},"35":{"start":{"line":71,"column":32},"end":{"line":71,"column":91}},"36":{"start":{"line":74,"column":32},"end":{"line":74,"column":57}},"37":{"start":{"line":76,"column":32},"end":{"line":76,"column":81}},"38":{"start":{"line":78,"column":32},"end":{"line":81,"column":33}},"39":{"start":{"line":79,"column":36},"end":{"line":79,"column":55}},"40":{"start":{"line":80,"column":36},"end":{"line":80,"column":42}},"41":{"start":{"line":83,"column":32},"end":{"line":83,"column":170}},"42":{"start":{"line":84,"column":32},"end":{"line":84,"column":94}},"43":{"start":{"line":85,"column":32},"end":{"line":94,"column":36}},"44":{"start":{"line":86,"column":36},"end":{"line":93,"column":37}},"45":{"start":{"line":87,"column":40},"end":{"line":87,"column":64}},"46":{"start":{"line":89,"column":40},"end":{"line":92,"column":43}},"47":{"start":{"line":97,"column":32},"end":{"line":99,"column":36}},"48":{"start":{"line":102,"column":32},"end":{"line":102,"column":51}},"49":{"start":{"line":103,"column":32},"end":{"line":103,"column":67}},"50":{"start":{"line":105,"column":32},"end":{"line":107,"column":35}},"51":{"start":{"line":108,"column":32},"end":{"line":108,"column":82}},"52":{"start":{"line":112,"column":32},"end":{"line":112,"column":55}},"53":{"start":{"line":119,"column":16},"end":{"line":119,"column":51}},"54":{"start":{"line":122,"column":12},"end":{"line":122,"column":32}},"55":{"start":{"line":129,"column":24},"end":{"line":183,"column":15}},"56":{"start":{"line":132,"column":16},"end":{"line":182,"column":46}},"57":{"start":{"line":133,"column":20},"end":{"line":181,"column":21}},"58":{"start":{"line":134,"column":24},"end":{"line":180,"column":25}},"59":{"start":{"line":136,"column":32},"end":{"line":136,"column":112}},"60":{"start":{"line":137,"column":32},"end":{"line":137,"column":51}},"61":{"start":{"line":138,"column":32},"end":{"line":138,"column":51}},"62":{"start":{"line":139,"column":32},"end":{"line":139,"column":78}},"63":{"start":{"line":142,"column":32},"end":{"line":142,"column":58}},"64":{"start":{"line":144,"column":32},"end":{"line":144,"column":83}},"65":{"start":{"line":146,"column":32},"end":{"line":149,"column":33}},"66":{"start":{"line":147,"column":36},"end":{"line":147,"column":56}},"67":{"start":{"line":148,"column":36},"end":{"line":148,"column":42}},"68":{"start":{"line":151,"column":32},"end":{"line":151,"column":174}},"69":{"start":{"line":152,"column":32},"end":{"line":152,"column":94}},"70":{"start":{"line":153,"column":32},"end":{"line":162,"column":36}},"71":{"start":{"line":154,"column":36},"end":{"line":161,"column":37}},"72":{"start":{"line":155,"column":40},"end":{"line":155,"column":64}},"73":{"start":{"line":157,"column":40},"end":{"line":160,"column":43}},"74":{"start":{"line":165,"column":32},"end":{"line":167,"column":36}},"75":{"start":{"line":170,"column":32},"end":{"line":170,"column":52}},"76":{"start":{"line":171,"column":32},"end":{"line":171,"column":69}},"77":{"start":{"line":173,"column":32},"end":{"line":175,"column":35}},"78":{"start":{"line":179,"column":32},"end":{"line":179,"column":56}},"79":{"start":{"line":186,"column":16},"end":{"line":186,"column":52}},"80":{"start":{"line":189,"column":12},"end":{"line":189,"column":25}},"81":{"start":{"line":196,"column":24},"end":{"line":233,"column":15}},"82":{"start":{"line":198,"column":16},"end":{"line":232,"column":45}},"83":{"start":{"line":199,"column":20},"end":{"line":231,"column":21}},"84":{"start":{"line":200,"column":24},"end":{"line":230,"column":25}},"85":{"start":{"line":202,"column":32},"end":{"line":202,"column":53}},"86":{"start":{"line":203,"column":32},"end":{"line":203,"column":51}},"87":{"start":{"line":204,"column":32},"end":{"line":204,"column":51}},"88":{"start":{"line":205,"column":32},"end":{"line":205,"column":79}},"89":{"start":{"line":208,"column":32},"end":{"line":208,"column":58}},"90":{"start":{"line":210,"column":32},"end":{"line":210,"column":66}},"91":{"start":{"line":211,"column":32},"end":{"line":215,"column":36}},"92":{"start":{"line":218,"column":32},"end":{"line":218,"column":51}},"93":{"start":{"line":219,"column":32},"end":{"line":219,"column":69}},"94":{"start":{"line":221,"column":32},"end":{"line":221,"column":58}},"95":{"start":{"line":222,"column":32},"end":{"line":225,"column":36}},"96":{"start":{"line":229,"column":32},"end":{"line":229,"column":56}},"97":{"start":{"line":236,"column":16},"end":{"line":236,"column":52}},"98":{"start":{"line":239,"column":12},"end":{"line":239,"column":39}},"99":{"start":{"line":246,"column":12},"end":{"line":248,"column":15}},"100":{"start":{"line":255,"column":24},"end":{"line":291,"column":15}},"101":{"start":{"line":258,"column":16},"end":{"line":290,"column":46}},"102":{"start":{"line":259,"column":20},"end":{"line":289,"column":21}},"103":{"start":{"line":260,"column":24},"end":{"line":288,"column":25}},"104":{"start":{"line":262,"column":32},"end":{"line":262,"column":73}},"105":{"start":{"line":263,"column":32},"end":{"line":263,"column":103}},"106":{"start":{"line":264,"column":32},"end":{"line":264,"column":51}},"107":{"start":{"line":265,"column":32},"end":{"line":265,"column":51}},"108":{"start":{"line":266,"column":32},"end":{"line":266,"column":101}},"109":{"start":{"line":269,"column":32},"end":{"line":269,"column":58}},"110":{"start":{"line":271,"column":32},"end":{"line":271,"column":54}},"111":{"start":{"line":272,"column":32},"end":{"line":274,"column":36}},"112":{"start":{"line":277,"column":32},"end":{"line":277,"column":52}},"113":{"start":{"line":278,"column":32},"end":{"line":278,"column":69}},"114":{"start":{"line":280,"column":32},"end":{"line":280,"column":58}},"115":{"start":{"line":281,"column":32},"end":{"line":283,"column":36}},"116":{"start":{"line":287,"column":32},"end":{"line":287,"column":56}},"117":{"start":{"line":294,"column":16},"end":{"line":294,"column":52}},"118":{"start":{"line":297,"column":12},"end":{"line":297,"column":43}},"119":{"start":{"line":300,"column":4},"end":{"line":300,"column":28}},"120":{"start":{"line":303,"column":0},"end":{"line":303,"column":35}}},"fnMap":{"0":{"name":"_interopRequireDefault","decl":{"start":{"line":47,"column":9},"end":{"line":47,"column":31}},"loc":{"start":{"line":47,"column":37},"end":{"line":47,"column":95}},"line":47},"1":{"name":"(anonymous_1)","decl":{"start":{"line":53,"column":23},"end":{"line":53,"column":24}},"loc":{"start":{"line":53,"column":35},"end":{"line":301,"column":1}},"line":53},"2":{"name":"usersControllers","decl":{"start":{"line":54,"column":13},"end":{"line":54,"column":29}},"loc":{"start":{"line":54,"column":32},"end":{"line":56,"column":5}},"line":54},"3":{"name":"(anonymous_3)","decl":{"start":{"line":60,"column":15},"end":{"line":60,"column":16}},"loc":{"start":{"line":60,"column":27},"end":{"line":123,"column":9}},"line":60},"4":{"name":"_callee","decl":{"start":{"line":61,"column":105},"end":{"line":61,"column":112}},"loc":{"start":{"line":61,"column":123},"end":{"line":116,"column":13}},"line":61},"5":{"name":"_callee$","decl":{"start":{"line":64,"column":59},"end":{"line":64,"column":67}},"loc":{"star
[...]
umn":38}},"loc":{"start":{"line":6,"column":53},"end":{"line":10,"column":1}},"line":6}},"branchMap":{},"s":{"0":1,"1":1,"2":0,"3":0,"4":0,"5":1},"f":{"0":0},"b":{},"_coverageSchema":"43e27e138ebf9cfc5966b082cf9a028302ed4184","hash":"9affc3b2c9fd48f2a9d096d6979d1f63c858d68e","contentHash":"385601442ee89a30fc6ee92309b57bdd"},"/home/chidozie/Documents/send-it-test-api/send-it-initial-test-api-nodb/middlewares/validateLogin.js":{"path":"/home/chidozie/Documents/send-it-test-api/send-it-initial-test-api-nodb/middlewares/validateLogin.js","statementMap":{"0":{"start":{"line":3,"column":0},"end":{"line":5,"column":3}},"1":{"start":{"line":7,"column":19},"end":{"line":7,"column":52}},"2":{"start":{"line":9,"column":20},"end":{"line":9,"column":56}},"3":{"start":{"line":11,"column":39},"end":{"line":11,"column":93}},"4":{"start":{"line":13,"column":20},"end":{"line":29,"column":1}},"5":{"start":{"line":14,"column":20},"end":{"line":14,"column":28}},"6":{"start":{"line":15,"column":16},"end":{"line":15,"column":31}},"7":{"start":{"line":16,"column":19},"end":{"line":16,"column":37}},"8":{"start":{"line":18,"column":21},"end":{"line":18,"column":35}},"9":{"start":{"line":19,"column":4},"end":{"line":21,"column":5}},"10":{"start":{"line":20,"column":8},"end":{"line":20,"column":82}},"11":{"start":{"line":22,"column":4},"end":{"line":24,"column":5}},"12":{"start":{"line":23,"column":8},"end":{"line":23,"column":87}},"13":{"start":{"line":25,"column":4},"end":{"line":27,"column":5}},"14":{"start":{"line":26,"column":8},"end":{"line":26,"column":84}},"15":{"start":{"line":28,"column":4},"end":{"line":28,"column":18}},"16":{"start":{"line":30,"column":0},"end":{"line":30,"column":32}}},"fnMap":{"0":{"name":"_interopRequireDefault","decl":{"start":{"line":11,"column":9},"end":{"line":11,"column":31}},"loc":{"start":{"line":11,"column":37},"end":{"line":11,"column":95}},"line":11},"1":{"name":"validateLogin","decl":{"start":{"line":13,"column":29},"end":{"line":13,"column":42}},"loc":{"start":{"line":13,"column":59},"end":{"line":29,"column":1}},"line":13}},"branchMap":{"0":{"loc":{"start":{"line":11,"column":46},"end":{"line":11,"column":92}},"type":"cond-expr","locations":[{"start":{"line":11,"column":70},"end":{"line":11,"column":73}},{"start":{"line":11,"column":76},"end":{"line":11,"column":92}}],"line":11},"1":{"loc":{"start":{"line":11,"column":46},"end":{"line":11,"column":67}},"type":"binary-expr","locations":[{"start":{"line":11,"column":46},"end":{"line":11,"column":49}},{"start":{"line":11,"column":53},"end":{"line":11,"column":67}}],"line":11},"2":{"loc":{"start":{"line":19,"column":4},"end":{"line":21,"column":5}},"type":"if","locations":[{"start":{"line":19,"column":4},"end":{"line":21,"column":5}},{"start":{"line":19,"column":4},"end":{"line":21,"column":5}}],"line":19},"3":{"loc":{"start":{"line":22,"column":4},"end":{"line":24,"column":5}},"type":"if","locations":[{"start":{"line":22,"column":4},"end":{"line":24,"column":5}},{"start":{"line":22,"column":4},"end":{"line":24,"column":5}}],"line":22},"4":{"loc":{"start":{"line":25,"column":4},"end":{"line":27,"column":5}},"type":"if","locations":[{"start":{"line":25,"column":4},"end":{"line":27,"column":5}},{"start":{"line":25,"column":4},"end":{"line":27,"column":5}}],"line":25}},"s":{"0":1,"1":1,"2":1,"3":1,"4":1,"5":0,"6":0,"7":0,"8":0,"9":0,"10":0,"11":0,"12":0,"13":0,"14":0,"15":0,"16":1},"f":{"0":1,"1":0},"b":{"0":[1,0],"1":[1,1],"2":[0,0],"3":[0,0],"4":[0,0]},"_coverageSchema":"43e27e138ebf9cfc5966b082cf9a028302ed4184","hash":"168ad3d5c16f009e0172157bb645532d98fb3587","contentHash":"056f34ac1b8765e41bf4d288b4c58628"},"/home/chidozie/Documents/send-it-test-api/send-it-initial-test-api-nodb/middlewares/validateParcels.js":{"path":"/home/chidozie/Documents/send-it-test-api/send-it-initial-test-api-nodb/middlewares/validateParcels.js","statementMap":{"0":{"start":{"line":3,"column":0},"end":{"line":5,"column":3}},"1":{"start":{"line":7,"column":19},"end":{"line":7,"column":52}},"2":{"start":{"line":9,"column":20},"end":{"line":9,"column":56}},"3":{"start":{"line":11,"column":39},"end":{"line":11,"column":93}},"4":{"start":{"line":13,"column":22},"end":{"line":41,"column":1}},"5":{"start":{"line":14,"column":20},"end":{"line":14,"column":28}},"6":{"start":{"line":15,"column":22},"end":{"line":15,"column":43}},"7":{"start":{"line":16,"column":25},"end":{"line":16,"column":49}},"8":{"start":{"line":17,"column":26},"end":{"line":17,"column":51}},"9":{"start":{"line":18,"column":26},"end":{"line":18,"column":51}},"10":{"start":{"line":19,"column":17},"end":{"line":19,"column":33}},"11":{"start":{"line":20,"column":16},"end":{"line":20,"column":31}},"12":{"start":{"line":22,"column":4},"end":{"line":24,"column":5}},"13":{"start":{"line":23,"column":8},"end":{"line":23,"column":92}},"14":{"start":{"line":25,"column":4},"end":{"line":27,"column":5}},"15":{"start":{"line":26,"column":8},"end":{"line":26,"column":86}},"16":{"start":{"line":28,"column":4},"end":{"line":30,"column":5}},"17":{"start":{"line":29,"column":8},"end":{"line":29,"column":90}},"18":{"start":{"line":31,"column":4},"end":{"line":33,"column":5}},"19":{"start":{"line":32,"column":8},"end":{"line":32,"column":91}},"20":{"start":{"line":34,"column":4},"end":{"line":36,"column":5}},"21":{"start":{"line":35,"column":8},"end":{"line":35,"column":81}},"22":{"start":{"line":37,"column":4},"end":{"line":39,"column":5}},"23":{"start":{"line":38,"column":8},"end":{"line":38,"column":90}},"24":{"start":{"line":40,"column":4},"end":{"line":40,"column":18}},"25":{"start":{"line":42,"column":0},"end":{"line":42,"column":34}}},"fnMap":{"0":{"name":"_interopRequireDefault","decl":{"start":{"line":11,"column":9},"end":{"line":11,"column":31}},"loc":{"start":{"line":11,"column":37},"end":{"line":11,"column":95}},"line":11},"1":{"name":"validateParcels","decl":{"start":{"line":13,"column":31},"end":{"line":13,"column":46}},"loc":{"start":{"line":13,"column":63},"end":{"line":41,"column":1}},"line":13}},"branchMap":{"0":{"loc":{"start":{"line":11,"column":46},"end":{"line":11,"column":92}},"type":"cond-expr","locations":[{"start":{"line":11,"column":70},"end":{"line":11,"column":73}},{"start":{"line":11,"column":76},"end":{"line":11,"column":92}}],"line":11},"1":{"loc":{"start":{"line":11,"column":46},"end":{"line":11,"column":67}},"type":"binary-expr","locations":[{"start":{"line":11,"column":46},"end":{"line":11,"column":49}},{"start":{"line":11,"column":53},"end":{"line":11,"column":67}}],"line":11},"2":{"loc":{"start":{"line":22,"column":4},"end":{"line":24,"column":5}},"type":"if","locations":[{"start":{"line":22,"column":4},"end":{"line":24,"column":5}},{"start":{"line":22,"column":4},"end":{"line":24,"column":5}}],"line":22},"3":{"loc":{"start":{"line":22,"column":8},"end":{"line":22,"column":45}},"type":"binary-expr","locations":[{"start":{"line":22,"column":8},"end":{"line":22,"column":20}},{"start":{"line":22,"column":24},"end":{"line":22,"column":45}}],"line":22},"4":{"loc":{"start":{"line":25,"column":4},"end":{"line":27,"column":5}},"type":"if","locations":[{"start":{"line":25,"column":4},"end":{"line":27,"column":5}},{"start":{"line":25,"column":4},"end":{"line":27,"column":5}}],"line":25},"5":{"loc":{"start":{"line":28,"column":4},"end":{"line":30,"column":5}},"type":"if","locations":[{"start":{"line":28,"column":4},"end":{"line":30,"column":5}},{"start":{"line":28,"column":4},"end":{"line":30,"column":5}}],"line":28},"6":{"loc":{"start":{"line":31,"column":4},"end":{"line":33,"column":5}},"type":"if","locations":[{"start":{"line":31,"column":4},"end":{"line":33,"column":5}},{"start":{"line":31,"column":4},"end":{"line":33,"column":5}}],"line":31},"7":{"loc":{"start":{"line":34,"column":4},"end":{"line":36,"column":5}},"type":"if","locations":[{"start":{"line":34,"column":4},"end":{"line":36,"column":5}},{"start":{"line":34,"column":4},"end":{"line":36,"column":5}}],"line":34},"8":{"loc":{"start":{"line":37,"column":4},"end":{"line":39,"column":5}},"type":"if","locations":[{"start":{"line":37,"column":4},"end":{"line":39,"column":5}},{"start":{"line":37,"column":4},"end":{"line":39,"column":5}}],"line":37}},"s":{"0":1,"1":1,"2":1,"3":1,"4":1,"5":0,"6":0,"7":0,"8":0,"9":0,"10":0,"11":0,"12":0,"13":0,"14":0,"15":0,"16":0,"17":0,"18":0,"19":0,"20":0,"21":0,"22":0,"23":0,"24":0,"25":1},"f":{"0":1,"1":0},"b":{"0":[1,0],"1":[1,1],"2":[0,0],"3":[0,0],"4":[0,0],"5":[0,0],"6":[0,0],"7":[0,0],"8":[0,0]},"_coverageSchema":"43e27e138ebf9cfc5966b082cf9a028302ed4184","hash":"bdb888f018b14a9c93fa265e05b348e5e2df4c96","contentHash":"0c90ff14b39459b2dc0a7edf7a4e0c97"},"/home/chidozie/Documents/send-it-test-api/send-it-initial-test-api-nodb/middlewares/validateToken.js":{"path":"/home/chidozie/Documents/send-it-test-api/send-it-initial-test-api-nodb/middlewares/validateToken.js","statementMap":{"0":{"start":{"line":3,"column":0},"end":{"line":5,"column":3}},"1":{"start":{"line":7,"column":19},"end":{"line":7,"column":52}},"2":{"start":{"line":9,"column":20},"end":{"line":9,"column":56}},"3":{"start":{"line":11,"column":20},"end":{"line":11,"column":43}},"4":{"start":{"line":13,"column":21},"end":{"line":13,"column":58}},"5":{"start":{"line":15,"column":14},"end":{"line":15,"column":31}},"6":{"start":{"line":17,"column":15},"end":{"line":17,"column":46}},"7":{"start":{"line":19,"column":19},"end":{"line":19,"column":56}},"8":{"start":{"line":21,"column":20},"end":{"line":21,"column":56}},"9":{"start":{"line":23,"column":39},"end":{"line":23,"column":93}},"10":{"start":{"line":25,"column":0},"end":{"line":25,"column":26}},"11":{"start":{"line":27,"column":20},"end":{"line":58,"column":1}},"12":{"start":{"line":28,"column":16},"end":{"line":28,"column":43}},"13":{"start":{"line":29,"column":4},"end":{"line":34,"column":5}},"14":{"start":{"line":30,"column":8},"end":{"line":30,"column":27}},"15":{"start":{"line":31,"column":8},"end":{"line":33,"column":11}},"16":{"start":{"line":35,"column":4},"end":{"line":56,"column":7}},"17":{"start":{"line":36,"column":8},"end":{"line":36,"column":36}},"18":{"start":{"line":37,"column":8},"end":{"line":55,"column":9}},"19":{"start":{"line":38,"column":12},"end":{"line":38,"column":44}},"20":{"start":{"line":39,"column":12},"end":{"line":39,"column":83}},"21":{"start":{"line":41,"column":12},"end":{"line":41,"column":61}},"22":{"start":{"line":42,"column":12},"end":{"line":42,"column":39}},"23":{"start":{"line":57,"column":4},"end":{"line":57,"column":11}},"24":{"start":{"line":59,"column":0},"end":{"line":59,"column":32}}},"fnMap":{"0":{"name":"_interopRequireDefault","decl":{"start":{"line":23,"column":9},"end":{"line":23,"column":31}},"loc":{"start":{"line":23,"column":37},"end":{"line":23,"column":95}},"line":23},"1":{"name":"validateToken","decl":{"start":{"line":27,"column":29},"end":{"line":27,"column":42}},"loc":{"start":{"line":27,"column":59},"end":{"line":58,"column":1}},"line":27},"2":{"name":"(anonymous_2)","decl":{"start":{"line":35,"column":65},"end":{"line":35,"column":66}},"loc":{"start":{"line":35,"column":90},"end":{"line":56,"column":5}},"line":35}},"branchMap":{"0":{"loc":{"start":{"line":23,"column":46},"end":{"line":23,"column":92}},"type":"cond-expr","locations":[{"start":{"line":23,"column":70},"end":{"line":23,"column":73}},{"start":{"line":23,"column":76},"end":{"line":23,"column":92}}],"line":23},"1":{"loc":{"start":{"line":23,"column":46},"end":{"line":23,"column":67}},"type":"binary-expr","locations":[{"start":{"line":23,"column":46},"end":{"line":23,"column":49}},{"start":{"line":23,"column":53},"end":{"line":23,"column":67}}],"line":23},"2":{"loc":{"start":{"line":29,"column":4},"end":{"line":34,"column":5}},"type":"if","locations":[{"start":{"line":29,"column":4},"end":{"line":34,"column":5}},{"start":{"line":29,"column":4},"end":{"line":34,"column":5}}],"line":29},"3":{"loc":{"start":{"line":29,"column":8},"end":{"line":29,"column":38}},"type":"binary-expr","locations":[{"start":{"line":29,"column":8},"end":{"line":29,"column":28}},{"start":{"line":29,"column":32},"end":{"line":29,"column":38}}],"line":29},"4":{"loc":{"start":{"line":37,"column":8},"end":{"line":55,"column":9}},"type":"if","locations":[{"start":{"line":37,"column":8},"end":{"line":55,"column":9}},{"start":{"line":37,"column":8},"end":{"line":55,"column":9}}],"line":37}},"s":{"0":1,"1":1,"2":1,"3":1,"4":1,"5":1,"6":1,"7":1,"8":1,"9":4,"10":1,"11":1,"12":0,"13":0,"14":0,"15":0,"16":0,"17":0,"18":0,"19":0,"20":0,"21":0,"22":0,"23":0,"24":1},"f":{"0":4,"1":0,"2":0},"b":{"0":[2,2],"1":[4,4],"2":[0,0],"3":[0,0],"4":[0,0]},"_coverageSchema":"43e27e138ebf9cfc5966b082cf9a028302ed4184","hash":"b4907fc4f821a210ef6d63080c339b219c1b38e2","contentHash":"44e960504d32f6a017d65650f3425217"},"/home/chidozie/Documents/send-it-test-api/send-it-initial-test-api-nodb/middlewares/validateAdmin.js":{"path":"/home/chidozie/Documents/send-it-test-api/send-it-initial-test-api-nodb/middlewares/validateAdmin.js","statementMap":{"0":{"start":{"line":3,"column":0},"end":{"line":5,"column":3}},"1":{"start":{"line":7,"column":19},"end":{"line":7,"column":52}},"2":{"start":{"line":9,"column":20},"end":{"line":9,"column":56}},"3":{"start":{"line":11,"column":39},"end":{"line":11,"column":93}},"4":{"start":{"line":13,"column":20},"end":{"line":24,"column":1}},"5":{"start":{"line":14,"column":16},"end":{"line":14,"column":35}},"6":{"start":{"line":15,"column":16},"end":{"line":15,"column":34}},"7":{"start":{"line":16,"column":4},"end":{"line":16,"column":23}},"8":{"start":{"line":17,"column":21},"end":{"line":17,"column":42}},"9":{"start":{"line":18,"column":4},"end":{"line":18,"column":43}},"10":{"start":{"line":20,"column":4},"end":{"line":22,"column":5}},"11":{"start":{"line":21,"column":8},"end":{"line":21,"column":111}},"12":{"start":{"line":23,"column":4},"end":{"line":23,"column":18}},"13":{"start":{"line":25,"column":0},"end":{"line":25,"column":32}}},"fnMap":{"0":{"name":"_interopRequireDefault","decl":{"start":{"line":11,"column":9},"end":{"line":11,"column":31}},"loc":{"start":{"line":11,"column":37},"end":{"line":11,"column":95}},"line":11},"1":{"name":"validateAdmin","decl":{"start":{"line":13,"column":29},"end":{"line":13,"column":42}},"loc":{"start":{"line":13,"column":59},"end":{"line":24,"column":1}},"line":13}},"branchMap":{"0":{"loc":{"start":{"line":11,"column":46},"end":{"line":11,"column":92}},"type":"cond-expr","locations":[{"start":{"line":11,"column":70},"end":{"line":11,"column":73}},{"start":{"line":11,"column":76},"end":{"line":11,"column":92}}],"line":11},"1":{"loc":{"start":{"line":11,"column":46},"end":{"line":11,"column":67}},"type":"binary-expr","locations":[{"start":{"line":11,"column":46},"end":{"line":11,"column":49}},{"start":{"line":11,"column":53},"end":{"line":11,"column":67}}],"line":11},"2":{"loc":{"start":{"line":20,"column":4},"end":{"line":22,"column":5}},"type":"if","locations":[{"start":{"line":20,"column":4},"end":{"line":22,"column":5}},{"start":{"line":20,"column":4},"end":{"line":22,"column":5}}],"line":20}},"s":{"0":1,"1":1,"2":1,"3":1,"4":1,"5":0,"6":0,"7":0,"8":0,"9":0,"10":0,"11":0,"12":0,"13":1},"f":{"0":1,"1":0},"b":{"0":[1,0],"1":[1,1],"2":[0,0]},"_coverageSchema":"43e27e138ebf9cfc5966b082cf9a028302ed4184","hash":"f7229324b212c863bb6cbe6bb7511daf2c547734","contentHash":"62e605b1fde74672575fa4f4e04cc736"},"/home/chidozie/Documents/send-it-test-api/send-it-initial-test-api-nodb/middlewares/validateParcelStatusUpdate.js":{"path":"/home/chidozie/Documents/send-it-test-api/send-it-initial-test-api-nodb/middlewares/validateParcelStatusUpdate.js","statementMap":{"0":{"start":{"line":3,"column":0},"end":{"line":5,"column":3}},"1":{"start":{"line":7,"column":19},"end":{"line":7,"column":52}},"2":{"start":{"line":9,"column":20},"end":{"line":9,"column":56}},"3":{"start":{"line":11,"column":39},"end":{"line":11,"column":93}},"4":{"start":{"line":13,"column":27},"end":{"line":20,"column":1}},"5":{"start":{"line":14,"column":20},"end":{"line":14,"column":38}},"6":{"start":{"line":16,"column":4},"end":{"line":18,"column":5}},"7":{"start":{"line":17,"column":8},"end":{"line":17,"column":88}},"8":{"start":{"line":19,"column":4},"end":{"line":19,"column":18}},"9":{"start":{"line":21,"column":0},"end":{"line":21,"column":39}}},"fnMap":{"0":{"name":"_interopRequireDefault","decl":{"start":{"line":11,"column":9},"end":{"line":11,"column":31}},"loc":{"start":{"line":11,"column":37},"end":{"line":11,"column":95}},"line":11},"1":{"name":"validateStatusUpdate","decl":{"start":{"line":13,"column":36},"end":{"line":13,"column":56}},"loc":{"start":{"line":13,"column":73},"end":{"line":20,"column":1}},"line":13}},"branchMap":{"0":{"loc":{"start":{"line":11,"column":46},"end":{"line":11,"column":92}},"type":"cond-expr","locations":[{"start":{"line":11,"column":70},"end":{"line":11,"column":73}},{"start":{"line":11,"column":76},"end":{"line":11,"column":92}}],"line":11},"1":{"loc":{"start":{"line":11,"column":46},"end":{"line":11,"column":67}},"type":"binary-expr","locations":[{"start":{"line":11,"column":46},"end":{"line":11,"column":49}},{"start":{"line":11,"column":53},"end":{"line":11,"column":67}}],"line":11},"2":{"loc":{"start":{"line":16,"column":4},"end":{"line":18,"column":5}},"type":"if","locations":[{"start":{"line":16,"column":4},"end":{"line":18,"column":5}},{"start":{"line":16,"column":4},"end":{"line":18,"column":5}}],"line":16}},"s":{"0":1,"1":1,"2":1,"3":1,"4":1,"5":0,"6":0,"7":0,"8":0,"9":1},"f":{"0":1,"1":0},"b":{"0":[1,0],"1":[1,1],"2":[0,0]},"_coverageSchema":"43e27e138ebf9cfc5966b082cf9a028302ed4184","hash":"b72d29cde4c749f786f2b860c2db2b3038a907fc","contentHash":"d357bfa7244fd642fb220f2a615a9c5d"},"/home/chidozie/Documents/send-it-test-api/send-it-initial-test-api-nodb/middlewares/validateLocationUpdate.js":{"path":"/home/chidozie/Documents/send-it-test-api/send-it-initial-test-api-nodb/middlewares/validateLocationUpdate.js","statementMap":{"0":{"start":{"line":3,"column":0},"end":{"line":5,"column":3}},"1":{"start":{"line":7,"column":19},"end":{"line":7,"column":52}},"2":{"start":{"line":9,"column":20},"end":{"line":9,"column":56}},"3":{"start":{"line":11,"column":39},"end":{"line":11,"column":93}},"4":{"start":{"line":13,"column":29},"end":{"line":20,"column":1}},"5":{"start":{"line":14,"column":22},"end":{"line":14,"column":42}},"6":{"start":{"line":16,"column":4},"end":{"line":18,"column":5}},"7":{"start":{"line":17,"column":8},"end":{"line":17,"column":90}},"8":{"start":{"line":19,"column":4},"end":{"line":19,"column":18}},"9":{"start":{"line":21,"column":0},"end":{"line":21,"column":41}}},"fnMap":{"0":{"name":"_interopRequireDefault","decl":{"start":{"line":11,"column":9},"end":{"line":11,"column":31}},"loc":{"start":{"line":11,"column":37},"end":{"line":11,"column":95}},"line":11},"1":{"name":"validateLocationUpdate","decl":{"start":{"line":13,"column":38},"end":{"line":13,"column":60}},"loc":{"start":{"line":13,"column":77},"end":{"line":20,"column":1}},"line":13}},"branchMap":{"0":{"loc":{"start":{"line":11,"column":46},"end":{"line":11,"column":92}},"type":"cond-expr","locations":[{"start":{"line":11,"column":70},"end":{"line":11,"column":73}},{"start":{"line":11,"column":76},"end":{"line":11,"column":92}}],"line":11},"1":{"loc":{"start":{"line":11,"column":46},"end":{"line":11,"column":67}},"type":"binary-expr","locations":[{"start":{"line":11,"column":46},"end":{"line":11,"column":49}},{"start":{"line":11,"column":53},"end":{"line":11,"column":67}}],"line":11},"2":{"loc":{"start":{"line":16,"column":4},"end":{"line":18,"column":5}},"type":"if","locations":[{"start":{"line":16,"column":4},"end":{"line":18,"column":5}},{"start":{"line":16,"column":4},"end":{"line":18,"column":5}}],"line":16}},"s":{"0":1,"1":1,"2":1,"3":1,"4":1,"5":0,"6":0,"7":0,"8":0,"9":1},"f":{"0":1,"1":0},"b":{"0":[1,0],"1":[1,1],"2":[0,0]},"_coverageSchema":"43e27e138ebf9cfc5966b082cf9a028302ed4184","hash":"88588942e01741e46a8b9d4b4be1030ba36d6964","contentHash":"044cc03e57ec2baf6a5999ae35dee6fa"}}