TN:
SF:/home/chidozie/Documents/send-it-test-api/send-it-initial-test-api-nodb/controllers/databaseController.js
FN:38,(anonymous_10)
FN:55,(anonymous_12)
FN:74,(anonymous_14)
FN:78,(anonymous_15)
FNF:4
FNH:4
FNDA:1,(anonymous_10)
FNDA:1,(anonymous_12)
FNDA:1,(anonymous_14)
FNDA:3,(anonymous_15)
DA:1,1
DA:6,1
DA:14,0
DA:15,0
DA:16,0
DA:23,0
DA:24,0
DA:25,0
DA:29,0
DA:37,1
DA:38,1
DA:39,1
DA:41,1
DA:42,1
DA:47,0
DA:54,1
DA:55,1
DA:56,1
DA:58,1
DA:59,1
DA:60,1
DA:63,1
DA:65,0
DA:73,1
DA:74,1
DA:75,1
DA:77,1
DA:78,1
DA:79,3
DA:81,1
DA:86,0
LF:31
LH:21
BRDA:23,0,0,0
BRDA:23,0,1,0
BRDA:41,1,0,1
BRDA:41,1,1,0
BRDA:58,2,0,1
BRDA:58,2,1,0
BRDA:77,3,0,1
BRDA:77,3,1,0
BRF:8
BRH:3
end_of_record
TN:
SF:/home/chidozie/Documents/send-it-test-api/send-it-initial-test-api-nodb/database/databaseConfig.js
FNF:0
FNH:0
DA:1,1
LF:1
LH:1
BRF:0
BRH:0
end_of_record
TN:
SF:/home/chidozie/Documents/send-it-test-api/send-it-initial-test-api-nodb/routes/route.js
FNF:0
FNH:0
DA:1,1
DA:2,1
DA:3,1
DA:5,1
DA:8,1
DA:11,1
DA:14,1
DA:17,1
DA:20,1
LF:9
LH:9
BRF:0
BRH:0
end_of_record
TN:
SF:/home/chidozie/Documents/send-it-test-api/send-it-initial-test-api-nodb/src/app.js
FN:14,(anonymous_1)
FN:20,(anonymous_2)
FN:29,(anonymous_3)
FNF:3
FNH:0
FNDA:0,(anonymous_1)
FNDA:0,(anonymous_2)
FNDA:0,(anonymous_3)
DA:1,1
DA:2,1
DA:3,1
DA:4,1
DA:6,1
DA:7,1
DA:8,1
DA:9,1
DA:10,1
DA:12,1
DA:14,1
DA:15,0
DA:16,0
DA:17,0
DA:20,1
DA:21,0
DA:22,0
DA:29,1
DA:30,0
LF:19
LH:13
BRDA:10,0,0,1
BRDA:10,0,1,1
BRDA:21,1,0,0
BRDA:21,1,1,0
BRF:4
BRH:2
end_of_record
